{"/home/travis/build/npmtest/node-npmtest-grunt-checktextdomain/test.js":{"path":"/home/travis/build/npmtest/node-npmtest-grunt-checktextdomain/test.js","s":{"1":2,"2":2,"3":2,"4":2,"5":2,"6":2,"7":2,"8":1,"9":2,"10":2,"11":1,"12":1,"13":1,"14":1,"15":2,"16":2,"17":2,"18":2,"19":1,"20":1,"21":2,"22":2,"23":2,"24":1,"25":1,"26":1,"27":1,"28":1,"29":1,"30":1,"31":1,"32":1,"33":1,"34":1,"35":1,"36":1,"37":1,"38":1,"39":2,"40":2,"41":1,"42":2,"43":2,"44":1,"45":2,"46":2,"47":1,"48":2,"49":2,"50":1,"51":1,"52":1,"53":1,"54":1},"b":{"1":[2,1,1,1],"2":[1,1,1,1],"3":[1,1],"4":[1,1],"5":[1,1],"6":[1,1],"7":[1,1],"8":[1,1],"9":[1,1],"10":[1,1,1],"11":[1,1],"12":[1,1],"13":[1,1],"14":[1,1],"15":[1,1],"16":[1,1],"17":[1,1]},"f":{"1":2,"2":2,"3":2,"4":2,"5":2,"6":1,"7":1,"8":1,"9":2,"10":2,"11":2,"12":2,"13":1},"fnMap":{"1":{"name":"(anonymous_1)","line":12,"loc":{"start":{"line":12,"column":1},"end":{"line":12,"column":13}}},"2":{"name":"(anonymous_2)","line":19,"loc":{"start":{"line":19,"column":5},"end":{"line":19,"column":17}}},"3":{"name":"(anonymous_3)","line":23,"loc":{"start":{"line":23,"column":24},"end":{"line":23,"column":36}}},"4":{"name":"(anonymous_4)","line":61,"loc":{"start":{"line":61,"column":5},"end":{"line":61,"column":17}}},"5":{"name":"(anonymous_5)","line":82,"loc":{"start":{"line":82,"column":5},"end":{"line":82,"column":17}}},"6":{"name":"(anonymous_6)","line":91,"loc":{"start":{"line":91,"column":77},"end":{"line":94,"column":10}}},"7":{"name":"(anonymous_7)","line":112,"loc":{"start":{"line":112,"column":83},"end":{"line":115,"column":10}},"skip":true},"8":{"name":"(anonymous_8)","line":123,"loc":{"start":{"line":123,"column":77},"end":{"line":126,"column":10}},"skip":true},"9":{"name":"(anonymous_9)","line":139,"loc":{"start":{"line":139,"column":12},"end":{"line":139,"column":40}},"skip":true},"10":{"name":"(anonymous_10)","line":147,"loc":{"start":{"line":147,"column":77},"end":{"line":150,"column":10}},"skip":true},"11":{"name":"(anonymous_11)","line":158,"loc":{"start":{"line":158,"column":83},"end":{"line":161,"column":10}},"skip":true},"12":{"name":"(anonymous_12)","line":169,"loc":{"start":{"line":169,"column":79},"end":{"line":172,"column":10}},"skip":true},"13":{"name":"(anonymous_13)","line":180,"loc":{"start":{"line":180,"column":75},"end":{"line":183,"column":10}},"skip":true}},"statementMap":{"1":{"start":{"line":12,"column":0},"end":{"line":195,"column":5}},"2":{"start":{"line":14,"column":4},"end":{"line":14,"column":14}},"3":{"start":{"line":19,"column":4},"end":{"line":56,"column":9}},"4":{"start":{"line":21,"column":8},"end":{"line":21,"column":19}},"5":{"start":{"line":23,"column":8},"end":{"line":35,"column":13}},"6":{"start":{"line":24,"column":12},"end":{"line":34,"column":13}},"7":{"start":{"line":25,"column":16},"end":{"line":28,"column":30}},"8":{"start":{"line":30,"column":16},"end":{"line":33,"column":27}},"9":{"start":{"line":37,"column":8},"end":{"line":39,"column":21}},"10":{"start":{"line":40,"column":8},"end":{"line":53,"column":9}},"11":{"start":{"line":43,"column":12},"end":{"line":46,"column":14}},"12":{"start":{"line":47,"column":12},"end":{"line":47,"column":18}},"13":{"start":{"line":50,"column":12},"end":{"line":51,"column":33}},"14":{"start":{"line":52,"column":12},"end":{"line":52,"column":18}},"15":{"start":{"line":55,"column":8},"end":{"line":55,"column":35}},"16":{"start":{"line":61,"column":4},"end":{"line":63,"column":9}},"17":{"start":{"line":62,"column":8},"end":{"line":62,"column":15}},"18":{"start":{"line":64,"column":4},"end":{"line":77,"column":5}},"19":{"start":{"line":70,"column":8},"end":{"line":70,"column":14}},"20":{"start":{"line":76,"column":8},"end":{"line":76,"column":14}},"21":{"start":{"line":82,"column":4},"end":{"line":84,"column":9}},"22":{"start":{"line":83,"column":8},"end":{"line":83,"column":15}},"23":{"start":{"line":85,"column":4},"end":{"line":194,"column":5}},"24":{"start":{"line":91,"column":8},"end":{"line":99,"column":10}},"25":{"start":{"line":98,"column":12},"end":{"line":98,"column":35}},"26":{"start":{"line":102,"column":8},"end":{"line":104,"column":63}},"27":{"start":{"line":105,"column":8},"end":{"line":105,"column":14}},"28":{"start":{"line":112,"column":8},"end":{"line":121,"column":10},"skip":true},"29":{"start":{"line":119,"column":12},"end":{"line":119,"column":55},"skip":true},"30":{"start":{"line":120,"column":12},"end":{"line":120,"column":48},"skip":true},"31":{"start":{"line":123,"column":8},"end":{"line":136,"column":10},"skip":true},"32":{"start":{"line":130,"column":12},"end":{"line":130,"column":76},"skip":true},"33":{"start":{"line":131,"column":12},"end":{"line":131,"column":73},"skip":true},"34":{"start":{"line":132,"column":12},"end":{"line":132,"column":74},"skip":true},"35":{"start":{"line":133,"column":12},"end":{"line":133,"column":79},"skip":true},"36":{"start":{"line":134,"column":12},"end":{"line":134,"column":25},"skip":true},"37":{"start":{"line":135,"column":12},"end":{"line":135,"column":45},"skip":true},"38":{"start":{"line":138,"column":8},"end":{"line":145,"column":14},"skip":true},"39":{"start":{"line":143,"column":16},"end":{"line":143,"column":29},"skip":true},"40":{"start":{"line":144,"column":16},"end":{"line":144,"column":55},"skip":true},"41":{"start":{"line":147,"column":8},"end":{"line":156,"column":10},"skip":true},"42":{"start":{"line":154,"column":12},"end":{"line":154,"column":25},"skip":true},"43":{"start":{"line":155,"column":12},"end":{"line":155,"column":45},"skip":true},"44":{"start":{"line":158,"column":8},"end":{"line":167,"column":10},"skip":true},"45":{"start":{"line":165,"column":12},"end":{"line":165,"column":25},"skip":true},"46":{"start":{"line":166,"column":12},"end":{"line":166,"column":48},"skip":true},"47":{"start":{"line":169,"column":8},"end":{"line":178,"column":10},"skip":true},"48":{"start":{"line":176,"column":12},"end":{"line":176,"column":25},"skip":true},"49":{"start":{"line":177,"column":12},"end":{"line":177,"column":46},"skip":true},"50":{"start":{"line":180,"column":8},"end":{"line":189,"column":10},"skip":true},"51":{"start":{"line":187,"column":12},"end":{"line":187,"column":94},"skip":true},"52":{"start":{"line":188,"column":12},"end":{"line":188,"column":48},"skip":true},"53":{"start":{"line":192,"column":8},"end":{"line":192,"column":35},"skip":true},"54":{"start":{"line":193,"column":8},"end":{"line":193,"column":14},"skip":true}},"branchMap":{"1":{"line":25,"type":"binary-expr","locations":[{"start":{"line":25,"column":23},"end":{"line":25,"column":62}},{"start":{"line":26,"column":20},"end":{"line":26,"column":70}},{"start":{"line":27,"column":20},"end":{"line":27,"column":71}},{"start":{"line":28,"column":20},"end":{"line":28,"column":29}}]},"2":{"line":30,"type":"binary-expr","locations":[{"start":{"line":30,"column":23},"end":{"line":30,"column":37}},{"start":{"line":31,"column":20},"end":{"line":31,"column":61}},{"start":{"line":32,"column":20},"end":{"line":32,"column":70}},{"start":{"line":33,"column":20},"end":{"line":33,"column":26}}]},"3":{"line":37,"type":"cond-expr","locations":[{"start":{"line":38,"column":14},"end":{"line":38,"column":20}},{"start":{"line":39,"column":14},"end":{"line":39,"column":20}}]},"4":{"line":40,"type":"switch","locations":[{"start":{"line":42,"column":8},"end":{"line":47,"column":18}},{"start":{"line":49,"column":8},"end":{"line":52,"column":18}}]},"5":{"line":44,"type":"binary-expr","locations":[{"start":{"line":44,"column":16},"end":{"line":44,"column":44}},{"start":{"line":44,"column":48},"end":{"line":44,"column":66}}]},"6":{"line":50,"type":"binary-expr","locations":[{"start":{"line":50,"column":21},"end":{"line":50,"column":49}},{"start":{"line":50,"column":53},"end":{"line":50,"column":72}}]},"7":{"line":64,"type":"switch","locations":[{"start":{"line":69,"column":4},"end":{"line":70,"column":14}},{"start":{"line":75,"column":4},"end":{"line":76,"column":14}}]},"8":{"line":85,"type":"switch","locations":[{"start":{"line":90,"column":4},"end":{"line":105,"column":14}},{"start":{"line":111,"column":4},"end":{"line":193,"column":14},"skip":true}]},"9":{"line":91,"type":"binary-expr","locations":[{"start":{"line":91,"column":42},"end":{"line":91,"column":73}},{"start":{"line":91,"column":77},"end":{"line":99,"column":9}}]},"10":{"line":102,"type":"binary-expr","locations":[{"start":{"line":102,"column":18},"end":{"line":102,"column":32}},{"start":{"line":103,"column":12},"end":{"line":103,"column":53}},{"start":{"line":104,"column":12},"end":{"line":104,"column":61}}]},"11":{"line":112,"type":"binary-expr","locations":[{"start":{"line":112,"column":45},"end":{"line":112,"column":79},"skip":true},{"start":{"line":112,"column":83},"end":{"line":121,"column":9},"skip":true}]},"12":{"line":123,"type":"binary-expr","locations":[{"start":{"line":123,"column":42},"end":{"line":123,"column":73},"skip":true},{"start":{"line":123,"column":77},"end":{"line":136,"column":9},"skip":true}]},"13":{"line":138,"type":"binary-expr","locations":[{"start":{"line":138,"column":48},"end":{"line":138,"column":85},"skip":true},{"start":{"line":139,"column":12},"end":{"line":145,"column":13},"skip":true}]},"14":{"line":147,"type":"binary-expr","locations":[{"start":{"line":147,"column":42},"end":{"line":147,"column":73},"skip":true},{"start":{"line":147,"column":77},"end":{"line":156,"column":9},"skip":true}]},"15":{"line":158,"type":"binary-expr","locations":[{"start":{"line":158,"column":45},"end":{"line":158,"column":79},"skip":true},{"start":{"line":158,"column":83},"end":{"line":167,"column":9},"skip":true}]},"16":{"line":169,"type":"binary-expr","locations":[{"start":{"line":169,"column":43},"end":{"line":169,"column":75},"skip":true},{"start":{"line":169,"column":79},"end":{"line":178,"column":9},"skip":true}]},"17":{"line":180,"type":"binary-expr","locations":[{"start":{"line":180,"column":41},"end":{"line":180,"column":71},"skip":true},{"start":{"line":180,"column":75},"end":{"line":189,"column":9},"skip":true}]}},"code":["/* istanbul instrument in package npmtest_grunt_checktextdomain */","/*jslint","    bitwise: true,","    browser: true,","    maxerr: 8,","    maxlen: 96,","    node: true,","    nomen: true,","    regexp: true,","    stupid: true","*/","(function () {","    'use strict';","    var local;","","","","    // run shared js-env code - pre-init","    (function () {","        // init local","        local = {};","        // init modeJs","        local.modeJs = (function () {","            try {","                return typeof navigator.userAgent === 'string' &&","                    typeof document.querySelector('body') === 'object' &&","                    typeof XMLHttpRequest.prototype.open === 'function' &&","                    'browser';","            } catch (errorCaughtBrowser) {","                return module.exports &&","                    typeof process.versions.node === 'string' &&","                    typeof require('http').createServer === 'function' &&","                    'node';","            }","        }());","        // init global","        local.global = local.modeJs === 'browser'","            ? window","            : global;","        switch (local.modeJs) {","        // re-init local from window.local","        case 'browser':","            local = local.global.utility2.objectSetDefault(","                local.global.utility2_rollup || local.global.local,","                local.global.utility2","            );","            break;","        // re-init local from example.js","        case 'node':","            local = (local.global.utility2_rollup || require('utility2'))","                .requireReadme();","            break;","        }","        // export local","        local.global.local = local;","    }());","","","","    // run shared js-env code - function","    (function () {","        return;","    }());","    switch (local.modeJs) {","","","","    // run browser js-env code - function","    case 'browser':","        break;","","","","    // run node js-env code - function","    case 'node':","        break;","    }","","","","    // run shared js-env code - post-init","    (function () {","        return;","    }());","    switch (local.modeJs) {","","","","    // run browser js-env code - post-init","    case 'browser':","        local.testCase_browser_nullCase = local.testCase_browser_nullCase || function (","            options,","            onError","        ) {","        /*","         * this function will test browsers's null-case handling-behavior-behavior","         */","            onError(null, options);","        };","","        // run tests","        local.nop(local.modeTest &&","            document.querySelector('#testRunButton1') &&","            document.querySelector('#testRunButton1').click());","        break;","","","","    // run node js-env code - post-init","    /* istanbul ignore next */","    case 'node':","        local.testCase_buildApidoc_default = local.testCase_buildApidoc_default || function (","            options,","            onError","        ) {","        /*","         * this function will test buildApidoc's default handling-behavior-behavior","         */","            options = { modulePathList: module.paths };","            local.buildApidoc(options, onError);","        };","","        local.testCase_buildApp_default = local.testCase_buildApp_default || function (","            options,","            onError","        ) {","        /*","         * this function will test buildApp's default handling-behavior-behavior","         */","            local.testCase_buildReadme_default(options, local.onErrorThrow);","            local.testCase_buildLib_default(options, local.onErrorThrow);","            local.testCase_buildTest_default(options, local.onErrorThrow);","            local.testCase_buildCustomOrg_default(options, local.onErrorThrow);","            options = [];","            local.buildApp(options, onError);","        };","","        local.testCase_buildCustomOrg_default = local.testCase_buildCustomOrg_default ||","            function (options, onError) {","            /*","             * this function will test buildCustomOrg's default handling-behavior","             */","                options = {};","                local.buildCustomOrg(options, onError);","            };","","        local.testCase_buildLib_default = local.testCase_buildLib_default || function (","            options,","            onError","        ) {","        /*","         * this function will test buildLib's default handling-behavior","         */","            options = {};","            local.buildLib(options, onError);","        };","","        local.testCase_buildReadme_default = local.testCase_buildReadme_default || function (","            options,","            onError","        ) {","        /*","         * this function will test buildReadme's default handling-behavior-behavior","         */","            options = {};","            local.buildReadme(options, onError);","        };","","        local.testCase_buildTest_default = local.testCase_buildTest_default || function (","            options,","            onError","        ) {","        /*","         * this function will test buildTest's default handling-behavior","         */","            options = {};","            local.buildTest(options, onError);","        };","","        local.testCase_webpage_default = local.testCase_webpage_default || function (","            options,","            onError","        ) {","        /*","         * this function will test webpage's default handling-behavior","         */","            options = { modeCoverageMerge: true, url: local.serverLocalHost + '?modeTest=1' };","            local.browserTest(options, onError);","        };","","        // run test-server","        local.testRunServer(local);","        break;","    }","}());",""],"l":{"12":2,"14":2,"19":2,"21":2,"23":2,"24":2,"25":2,"30":1,"37":2,"40":2,"43":1,"47":1,"50":1,"52":1,"55":2,"61":2,"62":2,"64":2,"70":1,"76":1,"82":2,"83":2,"85":2,"91":1,"98":1,"102":1,"105":1,"112":1,"119":1,"120":1,"123":1,"130":1,"131":1,"132":1,"133":1,"134":1,"135":1,"138":1,"143":2,"144":2,"147":1,"154":2,"155":2,"158":1,"165":2,"166":2,"169":1,"176":2,"177":2,"180":1,"187":1,"188":1,"192":1,"193":1}},"/home/travis/build/npmtest/node-npmtest-grunt-checktextdomain/lib.npmtest_grunt_checktextdomain.js":{"path":"/home/travis/build/npmtest/node-npmtest-grunt-checktextdomain/lib.npmtest_grunt_checktextdomain.js","s":{"1":2,"2":2,"3":2,"4":2,"5":2,"6":2,"7":2,"8":1,"9":2,"10":2,"11":2,"12":2,"13":1,"14":1,"15":1,"16":1},"b":{"1":[2,1,1,1],"2":[1,1,1,1],"3":[1,1],"4":[2,2],"5":[1,1]},"f":{"1":2,"2":2,"3":2},"fnMap":{"1":{"name":"(anonymous_1)","line":12,"loc":{"start":{"line":12,"column":1},"end":{"line":12,"column":13}}},"2":{"name":"(anonymous_2)","line":19,"loc":{"start":{"line":19,"column":5},"end":{"line":19,"column":17}}},"3":{"name":"(anonymous_3)","line":23,"loc":{"start":{"line":23,"column":24},"end":{"line":23,"column":36}}}},"statementMap":{"1":{"start":{"line":12,"column":0},"end":{"line":53,"column":5}},"2":{"start":{"line":14,"column":4},"end":{"line":14,"column":14}},"3":{"start":{"line":19,"column":4},"end":{"line":52,"column":9}},"4":{"start":{"line":21,"column":8},"end":{"line":21,"column":19}},"5":{"start":{"line":23,"column":8},"end":{"line":35,"column":13}},"6":{"start":{"line":24,"column":12},"end":{"line":34,"column":13}},"7":{"start":{"line":25,"column":16},"end":{"line":28,"column":30}},"8":{"start":{"line":30,"column":16},"end":{"line":33,"column":27}},"9":{"start":{"line":37,"column":8},"end":{"line":39,"column":21}},"10":{"start":{"line":41,"column":8},"end":{"line":41,"column":54}},"11":{"start":{"line":43,"column":8},"end":{"line":43,"column":66}},"12":{"start":{"line":45,"column":8},"end":{"line":51,"column":9}},"13":{"start":{"line":46,"column":12},"end":{"line":46,"column":72}},"14":{"start":{"line":48,"column":12},"end":{"line":48,"column":35}},"15":{"start":{"line":49,"column":12},"end":{"line":49,"column":49}},"16":{"start":{"line":50,"column":12},"end":{"line":50,"column":43}}},"branchMap":{"1":{"line":25,"type":"binary-expr","locations":[{"start":{"line":25,"column":23},"end":{"line":25,"column":62}},{"start":{"line":26,"column":20},"end":{"line":26,"column":70}},{"start":{"line":27,"column":20},"end":{"line":27,"column":71}},{"start":{"line":28,"column":20},"end":{"line":28,"column":29}}]},"2":{"line":30,"type":"binary-expr","locations":[{"start":{"line":30,"column":23},"end":{"line":30,"column":37}},{"start":{"line":31,"column":20},"end":{"line":31,"column":61}},{"start":{"line":32,"column":20},"end":{"line":32,"column":70}},{"start":{"line":33,"column":20},"end":{"line":33,"column":26}}]},"3":{"line":37,"type":"cond-expr","locations":[{"start":{"line":38,"column":14},"end":{"line":38,"column":20}},{"start":{"line":39,"column":14},"end":{"line":39,"column":20}}]},"4":{"line":41,"type":"binary-expr","locations":[{"start":{"line":41,"column":16},"end":{"line":41,"column":44}},{"start":{"line":41,"column":48},"end":{"line":41,"column":53}}]},"5":{"line":45,"type":"if","locations":[{"start":{"line":45,"column":8},"end":{"line":45,"column":8}},{"start":{"line":45,"column":8},"end":{"line":45,"column":8}}]}},"code":["/* istanbul instrument in package npmtest_grunt_checktextdomain */","/*jslint","    bitwise: true,","    browser: true,","    maxerr: 8,","    maxlen: 96,","    node: true,","    nomen: true,","    regexp: true,","    stupid: true","*/","(function () {","    'use strict';","    var local;","","","","    // run shared js-env code - pre-init","    (function () {","        // init local","        local = {};","        // init modeJs","        local.modeJs = (function () {","            try {","                return typeof navigator.userAgent === 'string' &&","                    typeof document.querySelector('body') === 'object' &&","                    typeof XMLHttpRequest.prototype.open === 'function' &&","                    'browser';","            } catch (errorCaughtBrowser) {","                return module.exports &&","                    typeof process.versions.node === 'string' &&","                    typeof require('http').createServer === 'function' &&","                    'node';","            }","        }());","        // init global","        local.global = local.modeJs === 'browser'","            ? window","            : global;","        // init utility2_rollup","        local = local.global.utility2_rollup || local;","        // init lib","        local.local = local.npmtest_grunt_checktextdomain = local;","        // init exports","        if (local.modeJs === 'browser') {","            local.global.utility2_npmtest_grunt_checktextdomain = local;","        } else {","            module.exports = local;","            module.exports.__dirname = __dirname;","            module.exports.module = module;","        }","    }());","}());",""],"l":{"12":2,"14":2,"19":2,"21":2,"23":2,"24":2,"25":2,"30":1,"37":2,"41":2,"43":2,"45":2,"46":1,"48":1,"49":1,"50":1}},"/home/travis/build/npmtest/node-npmtest-grunt-checktextdomain/example.js":{"path":"/home/travis/build/npmtest/node-npmtest-grunt-checktextdomain/example.js","s":{"1":2,"2":2,"3":2,"4":2,"5":2,"6":2,"7":2,"8":1,"9":2,"10":2,"11":2,"12":2,"13":1,"14":2,"15":2,"16":2,"17":2,"18":2,"19":0,"20":2,"21":1,"22":1,"23":1,"24":1,"25":1,"26":0,"27":0,"28":1,"29":1,"30":2,"31":0,"32":0,"33":0,"34":1,"35":2,"36":2,"37":3,"38":3,"39":3,"40":3,"41":0,"42":3,"43":3,"44":3,"45":1,"46":3,"47":1,"48":1,"49":1,"50":1,"51":1,"52":1,"53":1,"54":1,"55":1,"56":1,"57":0,"58":1,"59":6,"60":6,"61":1,"62":2,"63":0,"64":2,"65":1,"66":1,"67":0,"68":0,"69":0,"70":0,"71":0,"72":0,"73":0,"74":0,"75":0,"76":0,"77":0,"78":0,"79":0,"80":0,"81":0,"82":0,"83":0},"b":{"1":[2,1,1,1],"2":[1,1,1,1],"3":[1,1],"4":[2,2],"5":[1,1],"6":[1,1],"7":[2,0],"8":[2,1,1,1,1,1],"9":[0,2,0],"10":[1,1],"11":[2,1,1],"12":[1,0],"13":[0,2],"14":[2,0,0,0,0,0,0],"15":[0,3],"16":[3,0],"17":[1,1],"18":[0,1],"19":[1,2,0,2],"20":[1,0],"21":[1,1],"22":[0,0],"23":[0,0],"24":[0,0],"25":[0,0],"26":[0,0],"27":[0,0],"28":[0,0]},"f":{"1":2,"2":2,"3":2,"4":2,"5":2,"6":2,"7":3,"8":3,"9":3,"10":1,"11":6,"12":0},"fnMap":{"1":{"name":"(anonymous_1)","line":26,"loc":{"start":{"line":26,"column":1},"end":{"line":26,"column":13}}},"2":{"name":"(anonymous_2)","line":33,"loc":{"start":{"line":33,"column":5},"end":{"line":33,"column":17}}},"3":{"name":"(anonymous_3)","line":37,"loc":{"start":{"line":37,"column":24},"end":{"line":37,"column":36}}},"4":{"name":"(anonymous_4)","line":69,"loc":{"start":{"line":69,"column":31},"end":{"line":69,"column":48}},"skip":true},"5":{"name":"(anonymous_5)","line":78,"loc":{"start":{"line":78,"column":26},"end":{"line":78,"column":45}},"skip":true},"6":{"name":"(anonymous_6)","line":123,"loc":{"start":{"line":123,"column":33},"end":{"line":123,"column":48}},"skip":true},"7":{"name":"(anonymous_7)","line":125,"loc":{"start":{"line":125,"column":27},"end":{"line":125,"column":39}},"skip":true},"8":{"name":"(anonymous_8)","line":133,"loc":{"start":{"line":133,"column":59},"end":{"line":133,"column":74}},"skip":true},"9":{"name":"(anonymous_9)","line":143,"loc":{"start":{"line":143,"column":45},"end":{"line":143,"column":62}},"skip":true},"10":{"name":"(anonymous_10)","line":144,"loc":{"start":{"line":144,"column":73},"end":{"line":144,"column":92}},"skip":true},"11":{"name":"(anonymous_11)","line":272,"loc":{"start":{"line":272,"column":51},"end":{"line":272,"column":77}},"skip":true},"12":{"name":"(anonymous_12)","line":315,"loc":{"start":{"line":315,"column":32},"end":{"line":315,"column":61}},"skip":true}},"statementMap":{"1":{"start":{"line":26,"column":0},"end":{"line":326,"column":5}},"2":{"start":{"line":28,"column":4},"end":{"line":28,"column":14}},"3":{"start":{"line":33,"column":4},"end":{"line":60,"column":9}},"4":{"start":{"line":35,"column":8},"end":{"line":35,"column":19}},"5":{"start":{"line":37,"column":8},"end":{"line":49,"column":13}},"6":{"start":{"line":38,"column":12},"end":{"line":48,"column":13}},"7":{"start":{"line":39,"column":16},"end":{"line":42,"column":30}},"8":{"start":{"line":44,"column":16},"end":{"line":47,"column":27}},"9":{"start":{"line":51,"column":8},"end":{"line":53,"column":21}},"10":{"start":{"line":55,"column":8},"end":{"line":57,"column":45}},"11":{"start":{"line":59,"column":8},"end":{"line":59,"column":35}},"12":{"start":{"line":61,"column":4},"end":{"line":325,"column":5}},"13":{"start":{"line":69,"column":8},"end":{"line":121,"column":10},"skip":true},"14":{"start":{"line":70,"column":12},"end":{"line":88,"column":13},"skip":true},"15":{"start":{"line":76,"column":16},"end":{"line":87,"column":19},"skip":true},"16":{"start":{"line":79,"column":20},"end":{"line":86,"column":21},"skip":true},"17":{"start":{"line":82,"column":24},"end":{"line":82,"column":43},"skip":true},"18":{"start":{"line":83,"column":24},"end":{"line":83,"column":30},"skip":true},"19":{"start":{"line":85,"column":24},"end":{"line":85,"column":49},"skip":true},"20":{"start":{"line":89,"column":12},"end":{"line":107,"column":13},"skip":true},"21":{"start":{"line":92,"column":16},"end":{"line":102,"column":17},"skip":true},"22":{"start":{"line":93,"column":20},"end":{"line":93,"column":86},"skip":true},"23":{"start":{"line":94,"column":20},"end":{"line":95,"column":45},"skip":true},"24":{"start":{"line":96,"column":20},"end":{"line":96,"column":42},"skip":true},"25":{"start":{"line":97,"column":20},"end":{"line":97,"column":48},"skip":true},"26":{"start":{"line":100,"column":20},"end":{"line":100,"column":85},"skip":true},"27":{"start":{"line":101,"column":20},"end":{"line":101,"column":96},"skip":true},"28":{"start":{"line":103,"column":16},"end":{"line":103,"column":22},"skip":true},"29":{"start":{"line":106,"column":16},"end":{"line":106,"column":22},"skip":true},"30":{"start":{"line":108,"column":12},"end":{"line":120,"column":13},"skip":true},"31":{"start":{"line":114,"column":16},"end":{"line":119,"column":17},"skip":true},"32":{"start":{"line":116,"column":20},"end":{"line":116,"column":78},"skip":true},"33":{"start":{"line":118,"column":20},"end":{"line":118,"column":47},"skip":true},"34":{"start":{"line":123,"column":8},"end":{"line":141,"column":11},"skip":true},"35":{"start":{"line":124,"column":12},"end":{"line":124,"column":54},"skip":true},"36":{"start":{"line":125,"column":12},"end":{"line":140,"column":14},"skip":true},"37":{"start":{"line":126,"column":16},"end":{"line":126,"column":28},"skip":true},"38":{"start":{"line":127,"column":16},"end":{"line":127,"column":69},"skip":true},"39":{"start":{"line":128,"column":16},"end":{"line":128,"column":75},"skip":true},"40":{"start":{"line":129,"column":16},"end":{"line":131,"column":17},"skip":true},"41":{"start":{"line":130,"column":20},"end":{"line":130,"column":27},"skip":true},"42":{"start":{"line":133,"column":16},"end":{"line":137,"column":36},"skip":true},"43":{"start":{"line":134,"column":20},"end":{"line":136,"column":55},"skip":true},"44":{"start":{"line":139,"column":16},"end":{"line":139,"column":57},"skip":true},"45":{"start":{"line":143,"column":8},"end":{"line":147,"column":11},"skip":true},"46":{"start":{"line":144,"column":12},"end":{"line":146,"column":15},"skip":true},"47":{"start":{"line":145,"column":16},"end":{"line":145,"column":70},"skip":true},"48":{"start":{"line":149,"column":8},"end":{"line":149,"column":31},"skip":true},"49":{"start":{"line":150,"column":8},"end":{"line":150,"column":14},"skip":true},"50":{"start":{"line":158,"column":8},"end":{"line":158,"column":31},"skip":true},"51":{"start":{"line":160,"column":8},"end":{"line":160,"column":33},"skip":true},"52":{"start":{"line":161,"column":8},"end":{"line":161,"column":37},"skip":true},"53":{"start":{"line":162,"column":8},"end":{"line":162,"column":35},"skip":true},"54":{"start":{"line":164,"column":8},"end":{"line":164,"column":50},"skip":true},"55":{"start":{"line":166,"column":8},"end":{"line":256,"column":2},"skip":true},"56":{"start":{"line":258,"column":8},"end":{"line":286,"column":9},"skip":true},"57":{"start":{"line":259,"column":12},"end":{"line":269,"column":14},"skip":true},"58":{"start":{"line":271,"column":12},"end":{"line":285,"column":19},"skip":true},"59":{"start":{"line":274,"column":20},"end":{"line":274,"column":35},"skip":true},"60":{"start":{"line":275,"column":20},"end":{"line":284,"column":21},"skip":true},"61":{"start":{"line":277,"column":24},"end":{"line":277,"column":64},"skip":true},"62":{"start":{"line":279,"column":24},"end":{"line":279,"column":40},"skip":true},"63":{"start":{"line":281,"column":24},"end":{"line":281,"column":40},"skip":true},"64":{"start":{"line":283,"column":24},"end":{"line":283,"column":39},"skip":true},"65":{"start":{"line":288,"column":8},"end":{"line":290,"column":9},"skip":true},"66":{"start":{"line":289,"column":12},"end":{"line":289,"column":18},"skip":true},"67":{"start":{"line":291,"column":8},"end":{"line":293,"column":54},"skip":true},"68":{"start":{"line":296,"column":8},"end":{"line":301,"column":37},"skip":true},"69":{"start":{"line":303,"column":8},"end":{"line":303,"column":82},"skip":true},"70":{"start":{"line":306,"column":8},"end":{"line":308,"column":9},"skip":true},"71":{"start":{"line":307,"column":12},"end":{"line":307,"column":82},"skip":true},"72":{"start":{"line":310,"column":8},"end":{"line":312,"column":9},"skip":true},"73":{"start":{"line":311,"column":12},"end":{"line":311,"column":18},"skip":true},"74":{"start":{"line":313,"column":8},"end":{"line":313,"column":54},"skip":true},"75":{"start":{"line":314,"column":8},"end":{"line":314,"column":69},"skip":true},"76":{"start":{"line":315,"column":8},"end":{"line":323,"column":36},"skip":true},"77":{"start":{"line":316,"column":12},"end":{"line":316,"column":61},"skip":true},"78":{"start":{"line":317,"column":12},"end":{"line":320,"column":13},"skip":true},"79":{"start":{"line":318,"column":16},"end":{"line":318,"column":75},"skip":true},"80":{"start":{"line":319,"column":16},"end":{"line":319,"column":23},"skip":true},"81":{"start":{"line":321,"column":12},"end":{"line":321,"column":38},"skip":true},"82":{"start":{"line":322,"column":12},"end":{"line":322,"column":27},"skip":true},"83":{"start":{"line":324,"column":8},"end":{"line":324,"column":14},"skip":true}},"branchMap":{"1":{"line":39,"type":"binary-expr","locations":[{"start":{"line":39,"column":23},"end":{"line":39,"column":62}},{"start":{"line":40,"column":20},"end":{"line":40,"column":70}},{"start":{"line":41,"column":20},"end":{"line":41,"column":71}},{"start":{"line":42,"column":20},"end":{"line":42,"column":29}}]},"2":{"line":44,"type":"binary-expr","locations":[{"start":{"line":44,"column":23},"end":{"line":44,"column":37}},{"start":{"line":45,"column":20},"end":{"line":45,"column":61}},{"start":{"line":46,"column":20},"end":{"line":46,"column":70}},{"start":{"line":47,"column":20},"end":{"line":47,"column":26}}]},"3":{"line":51,"type":"cond-expr","locations":[{"start":{"line":52,"column":14},"end":{"line":52,"column":20}},{"start":{"line":53,"column":14},"end":{"line":53,"column":20}}]},"4":{"line":55,"type":"binary-expr","locations":[{"start":{"line":55,"column":16},"end":{"line":55,"column":44}},{"start":{"line":55,"column":49},"end":{"line":57,"column":43}}]},"5":{"line":55,"type":"cond-expr","locations":[{"start":{"line":56,"column":14},"end":{"line":56,"column":65}},{"start":{"line":57,"column":14},"end":{"line":57,"column":43}}]},"6":{"line":61,"type":"switch","locations":[{"start":{"line":68,"column":4},"end":{"line":150,"column":14},"skip":true},{"start":{"line":156,"column":4},"end":{"line":324,"column":14},"skip":true}]},"7":{"line":70,"type":"if","locations":[{"start":{"line":70,"column":12},"end":{"line":70,"column":12},"skip":true},{"start":{"line":70,"column":12},"end":{"line":70,"column":12},"skip":true}]},"8":{"line":70,"type":"binary-expr","locations":[{"start":{"line":70,"column":16},"end":{"line":70,"column":22},"skip":true},{"start":{"line":70,"column":27},"end":{"line":70,"column":32},"skip":true},{"start":{"line":71,"column":20},"end":{"line":71,"column":39},"skip":true},{"start":{"line":72,"column":20},"end":{"line":72,"column":49},"skip":true},{"start":{"line":73,"column":20},"end":{"line":73,"column":58},"skip":true},{"start":{"line":74,"column":20},"end":{"line":74,"column":69},"skip":true}]},"9":{"line":79,"type":"switch","locations":[{"start":{"line":80,"column":20},"end":{"line":80,"column":33},"skip":true},{"start":{"line":81,"column":20},"end":{"line":83,"column":30},"skip":true},{"start":{"line":84,"column":20},"end":{"line":85,"column":49},"skip":true}]},"10":{"line":89,"type":"switch","locations":[{"start":{"line":90,"column":12},"end":{"line":103,"column":22},"skip":true},{"start":{"line":105,"column":12},"end":{"line":106,"column":22},"skip":true}]},"11":{"line":89,"type":"binary-expr","locations":[{"start":{"line":89,"column":20},"end":{"line":89,"column":25},"skip":true},{"start":{"line":89,"column":29},"end":{"line":89,"column":48},"skip":true},{"start":{"line":89,"column":52},"end":{"line":89,"column":74},"skip":true}]},"12":{"line":92,"type":"if","locations":[{"start":{"line":92,"column":16},"end":{"line":92,"column":16},"skip":true},{"start":{"line":92,"column":16},"end":{"line":92,"column":16},"skip":true}]},"13":{"line":108,"type":"if","locations":[{"start":{"line":108,"column":12},"end":{"line":108,"column":12},"skip":true},{"start":{"line":108,"column":12},"end":{"line":108,"column":12},"skip":true}]},"14":{"line":108,"type":"binary-expr","locations":[{"start":{"line":108,"column":16},"end":{"line":108,"column":61},"skip":true},{"start":{"line":108,"column":66},"end":{"line":108,"column":72},"skip":true},{"start":{"line":108,"column":77},"end":{"line":108,"column":82},"skip":true},{"start":{"line":109,"column":20},"end":{"line":109,"column":39},"skip":true},{"start":{"line":110,"column":20},"end":{"line":110,"column":49},"skip":true},{"start":{"line":111,"column":20},"end":{"line":111,"column":58},"skip":true},{"start":{"line":112,"column":20},"end":{"line":112,"column":68},"skip":true}]},"15":{"line":129,"type":"if","locations":[{"start":{"line":129,"column":16},"end":{"line":129,"column":16},"skip":true},{"start":{"line":129,"column":16},"end":{"line":129,"column":16},"skip":true}]},"16":{"line":134,"type":"cond-expr","locations":[{"start":{"line":135,"column":26},"end":{"line":135,"column":29},"skip":true},{"start":{"line":136,"column":26},"end":{"line":136,"column":54},"skip":true}]},"17":{"line":164,"type":"binary-expr","locations":[{"start":{"line":164,"column":27},"end":{"line":164,"column":43},"skip":true},{"start":{"line":164,"column":47},"end":{"line":164,"column":49},"skip":true}]},"18":{"line":258,"type":"if","locations":[{"start":{"line":258,"column":8},"end":{"line":258,"column":8},"skip":true},{"start":{"line":258,"column":8},"end":{"line":258,"column":8},"skip":true}]},"19":{"line":275,"type":"switch","locations":[{"start":{"line":276,"column":20},"end":{"line":277,"column":64},"skip":true},{"start":{"line":278,"column":20},"end":{"line":279,"column":40},"skip":true},{"start":{"line":280,"column":20},"end":{"line":281,"column":40},"skip":true},{"start":{"line":282,"column":20},"end":{"line":283,"column":39},"skip":true}]},"20":{"line":288,"type":"if","locations":[{"start":{"line":288,"column":8},"end":{"line":288,"column":8},"skip":true},{"start":{"line":288,"column":8},"end":{"line":288,"column":8},"skip":true}]},"21":{"line":288,"type":"binary-expr","locations":[{"start":{"line":288,"column":12},"end":{"line":288,"column":40},"skip":true},{"start":{"line":288,"column":44},"end":{"line":288,"column":67},"skip":true}]},"22":{"line":292,"type":"binary-expr","locations":[{"start":{"line":292,"column":12},"end":{"line":292,"column":50},"skip":true},{"start":{"line":293,"column":12},"end":{"line":293,"column":53},"skip":true}]},"23":{"line":297,"type":"binary-expr","locations":[{"start":{"line":297,"column":12},"end":{"line":297,"column":79},"skip":true},{"start":{"line":298,"column":12},"end":{"line":301,"column":36},"skip":true}]},"24":{"line":303,"type":"binary-expr","locations":[{"start":{"line":303,"column":43},"end":{"line":303,"column":75},"skip":true},{"start":{"line":303,"column":79},"end":{"line":303,"column":81},"skip":true}]},"25":{"line":306,"type":"if","locations":[{"start":{"line":306,"column":8},"end":{"line":306,"column":8},"skip":true},{"start":{"line":306,"column":8},"end":{"line":306,"column":8},"skip":true}]},"26":{"line":310,"type":"if","locations":[{"start":{"line":310,"column":8},"end":{"line":310,"column":8},"skip":true},{"start":{"line":310,"column":8},"end":{"line":310,"column":8},"skip":true}]},"27":{"line":313,"type":"binary-expr","locations":[{"start":{"line":313,"column":27},"end":{"line":313,"column":43},"skip":true},{"start":{"line":313,"column":47},"end":{"line":313,"column":53},"skip":true}]},"28":{"line":317,"type":"if","locations":[{"start":{"line":317,"column":12},"end":{"line":317,"column":12},"skip":true},{"start":{"line":317,"column":12},"end":{"line":317,"column":12},"skip":true}]}},"code":["/*","example.js","","quickstart example","","instruction","    1. save this script as example.js","    2. run the shell command:","        $ npm install npmtest-grunt-checktextdomain && PORT=8081 node example.js","    3. play with the browser-demo on http://127.0.0.1:8081","*/","","","","/* istanbul instrument in package npmtest_grunt_checktextdomain */","/*jslint","    bitwise: true,","    browser: true,","    maxerr: 8,","    maxlen: 96,","    node: true,","    nomen: true,","    regexp: true,","    stupid: true","*/","(function () {","    'use strict';","    var local;","","","","    // run shared js-env code - pre-init","    (function () {","        // init local","        local = {};","        // init modeJs","        local.modeJs = (function () {","            try {","                return typeof navigator.userAgent === 'string' &&","                    typeof document.querySelector('body') === 'object' &&","                    typeof XMLHttpRequest.prototype.open === 'function' &&","                    'browser';","            } catch (errorCaughtBrowser) {","                return module.exports &&","                    typeof process.versions.node === 'string' &&","                    typeof require('http').createServer === 'function' &&","                    'node';","            }","        }());","        // init global","        local.global = local.modeJs === 'browser'","            ? window","            : global;","        // init utility2_rollup","        local = local.global.utility2_rollup || (local.modeJs === 'browser'","            ? local.global.utility2_npmtest_grunt_checktextdomain","            : global.utility2_moduleExports);","        // export local","        local.global.local = local;","    }());","    switch (local.modeJs) {","","","","    // post-init","    // run browser js-env code - post-init","    /* istanbul ignore next */","    case 'browser':","        local.testRunBrowser = function (event) {","            if (!event || (event &&","                    event.currentTarget &&","                    event.currentTarget.className &&","                    event.currentTarget.className.includes &&","                    event.currentTarget.className.includes('onreset'))) {","                // reset output","                Array.from(","                    document.querySelectorAll('body > .resettable')","                ).forEach(function (element) {","                    switch (element.tagName) {","                    case 'INPUT':","                    case 'TEXTAREA':","                        element.value = '';","                        break;","                    default:","                        element.textContent = '';","                    }","                });","            }","            switch (event && event.currentTarget && event.currentTarget.id) {","            case 'testRunButton1':","                // show tests","                if (document.querySelector('#testReportDiv1').style.display === 'none') {","                    document.querySelector('#testReportDiv1').style.display = 'block';","                    document.querySelector('#testRunButton1').textContent =","                        'hide internal test';","                    local.modeTest = true;","                    local.testRunDefault(local);","                // hide tests","                } else {","                    document.querySelector('#testReportDiv1').style.display = 'none';","                    document.querySelector('#testRunButton1').textContent = 'run internal test';","                }","                break;","            // custom-case","            default:","                break;","            }","            if (document.querySelector('#inputTextareaEval1') && (!event || (event &&","                    event.currentTarget &&","                    event.currentTarget.className &&","                    event.currentTarget.className.includes &&","                    event.currentTarget.className.includes('oneval')))) {","                // try to eval input-code","                try {","                    /*jslint evil: true*/","                    eval(document.querySelector('#inputTextareaEval1').value);","                } catch (errorCaught) {","                    console.error(errorCaught);","                }","            }","        };","        // log stderr and stdout to #outputTextareaStdout1","        ['error', 'log'].forEach(function (key) {","            console[key + '_original'] = console[key];","            console[key] = function () {","                var element;","                console[key + '_original'].apply(console, arguments);","                element = document.querySelector('#outputTextareaStdout1');","                if (!element) {","                    return;","                }","                // append text to #outputTextareaStdout1","                element.value += Array.from(arguments).map(function (arg) {","                    return typeof arg === 'string'","                        ? arg","                        : JSON.stringify(arg, null, 4);","                }).join(' ') + '\\n';","                // scroll textarea to bottom","                element.scrollTop = element.scrollHeight;","            };","        });","        // init event-handling","        ['change', 'click', 'keyup'].forEach(function (event) {","            Array.from(document.querySelectorAll('.on' + event)).forEach(function (element) {","                element.addEventListener(event, local.testRunBrowser);","            });","        });","        // run tests","        local.testRunBrowser();","        break;","","","","    // run node js-env code - post-init","    /* istanbul ignore next */","    case 'node':","        // export local","        module.exports = local;","        // require modules","        local.fs = require('fs');","        local.http = require('http');","        local.url = require('url');","        // init assets","        local.assetsDict = local.assetsDict || {};","        /* jslint-ignore-begin */","        local.assetsDict['/assets.index.template.html'] = '\\","<!doctype html>\\n\\","<html lang=\"en\">\\n\\","<head>\\n\\","<meta charset=\"UTF-8\">\\n\\","<meta name=\"viewport\" content=\"width=device-width, initial-scale=1\">\\n\\","<title>{{env.npm_package_name}} (v{{env.npm_package_version}})</title>\\n\\","<style>\\n\\","/*csslint\\n\\","    box-sizing: false,\\n\\","    universal-selector: false\\n\\","*/\\n\\","* {\\n\\","    box-sizing: border-box;\\n\\","}\\n\\","body {\\n\\","    background: #dde;\\n\\","    font-family: Arial, Helvetica, sans-serif;\\n\\","    margin: 2rem;\\n\\","}\\n\\","body > * {\\n\\","    margin-bottom: 1rem;\\n\\","}\\n\\",".utility2FooterDiv {\\n\\","    margin-top: 20px;\\n\\","    text-align: center;\\n\\","}\\n\\","</style>\\n\\","<style>\\n\\","/*csslint\\n\\","*/\\n\\","textarea {\\n\\","    font-family: monospace;\\n\\","    height: 10rem;\\n\\","    width: 100%;\\n\\","}\\n\\","textarea[readonly] {\\n\\","    background: #ddd;\\n\\","}\\n\\","</style>\\n\\","</head>\\n\\","<body>\\n\\","<!-- utility2-comment\\n\\","<div id=\"ajaxProgressDiv1\" style=\"background: #d00; height: 2px; left: 0; margin: 0; padding: 0; position: fixed; top: 0; transition: background 0.5s, width 1.5s; width: 25%;\"></div>\\n\\","utility2-comment -->\\n\\","<h1>\\n\\","<!-- utility2-comment\\n\\","    <a\\n\\","        {{#if env.npm_package_homepage}}\\n\\","        href=\"{{env.npm_package_homepage}}\"\\n\\","        {{/if env.npm_package_homepage}}\\n\\","        target=\"_blank\"\\n\\","    >\\n\\","utility2-comment -->\\n\\","        {{env.npm_package_name}} (v{{env.npm_package_version}})\\n\\","<!-- utility2-comment\\n\\","    </a>\\n\\","utility2-comment -->\\n\\","</h1>\\n\\","<h3>{{env.npm_package_description}}</h3>\\n\\","<!-- utility2-comment\\n\\","<h4><a download href=\"assets.app.js\">download standalone app</a></h4>\\n\\","<button class=\"onclick onreset\" id=\"testRunButton1\">run internal test</button><br>\\n\\","<div id=\"testReportDiv1\" style=\"display: none;\"></div>\\n\\","utility2-comment -->\\n\\","\\n\\","\\n\\","\\n\\","<label>stderr and stdout</label>\\n\\","<textarea class=\"resettable\" id=\"outputTextareaStdout1\" readonly></textarea>\\n\\","<!-- utility2-comment\\n\\","{{#if isRollup}}\\n\\","<script src=\"assets.app.js\"></script>\\n\\","{{#unless isRollup}}\\n\\","utility2-comment -->\\n\\","<script src=\"assets.utility2.rollup.js\"></script>\\n\\","<script src=\"jsonp.utility2._stateInit?callback=window.utility2._stateInit\"></script>\\n\\","<script src=\"assets.npmtest_grunt_checktextdomain.rollup.js\"></script>\\n\\","<script src=\"assets.example.js\"></script>\\n\\","<script src=\"assets.test.js\"></script>\\n\\","<!-- utility2-comment\\n\\","{{/if isRollup}}\\n\\","utility2-comment -->\\n\\","<div class=\"utility2FooterDiv\">\\n\\","    [ this app was created with\\n\\","    <a href=\"https://github.com/kaizhu256/node-utility2\" target=\"_blank\">utility2</a>\\n\\","    ]\\n\\","</div>\\n\\","</body>\\n\\","</html>\\n\\","';","        /* jslint-ignore-end */","        if (local.templateRender) {","            local.assetsDict['/'] = local.templateRender(","                local.assetsDict['/assets.index.template.html'],","                {","                    env: local.objectSetDefault(local.env, {","                        npm_package_description: 'the greatest app in the world!',","                        npm_package_name: 'my-app',","                        npm_package_nameAlias: 'my_app',","                        npm_package_version: '0.0.1'","                    })","                }","            );","        } else {","            local.assetsDict['/'] = local.assetsDict['/assets.index.template.html']","                .replace((/\\{\\{env\\.(\\w+?)\\}\\}/g), function (match0, match1) {","                    // jslint-hack","                    String(match0);","                    switch (match1) {","                    case 'npm_package_description':","                        return 'the greatest app in the world!';","                    case 'npm_package_name':","                        return 'my-app';","                    case 'npm_package_nameAlias':","                        return 'my_app';","                    case 'npm_package_version':","                        return '0.0.1';","                    }","                });","        }","        // run the cli","        if (local.global.utility2_rollup || module !== require.main) {","            break;","        }","        local.assetsDict['/assets.example.js'] =","            local.assetsDict['/assets.example.js'] ||","            local.fs.readFileSync(__filename, 'utf8');","        // bug-workaround - long $npm_package_buildCustomOrg","        /* jslint-ignore-begin */","        local.assetsDict['/assets.npmtest_grunt_checktextdomain.rollup.js'] =","            local.assetsDict['/assets.npmtest_grunt_checktextdomain.rollup.js'] ||","            local.fs.readFileSync(","                local.npmtest_grunt_checktextdomain.__dirname + '/lib.npmtest_grunt_checktextdomain.js',","                'utf8'","            ).replace((/^#!/), '//');","        /* jslint-ignore-end */","        local.assetsDict['/favicon.ico'] = local.assetsDict['/favicon.ico'] || '';","        // if $npm_config_timeout_exit exists,","        // then exit this process after $npm_config_timeout_exit ms","        if (Number(process.env.npm_config_timeout_exit)) {","            setTimeout(process.exit, Number(process.env.npm_config_timeout_exit));","        }","        // start server","        if (local.global.utility2_serverHttp1) {","            break;","        }","        process.env.PORT = process.env.PORT || '8081';","        console.error('server starting on port ' + process.env.PORT);","        local.http.createServer(function (request, response) {","            request.urlParsed = local.url.parse(request.url);","            if (local.assetsDict[request.urlParsed.pathname] !== undefined) {","                response.end(local.assetsDict[request.urlParsed.pathname]);","                return;","            }","            response.statusCode = 404;","            response.end();","        }).listen(process.env.PORT);","        break;","    }","}());",""],"l":{"26":2,"28":2,"33":2,"35":2,"37":2,"38":2,"39":2,"44":1,"51":2,"55":2,"59":2,"61":2,"69":1,"70":2,"76":2,"79":2,"82":2,"83":2,"85":1,"89":2,"92":1,"93":1,"94":1,"96":1,"97":1,"100":1,"101":1,"103":1,"106":1,"108":2,"114":1,"116":1,"118":1,"123":1,"124":2,"125":2,"126":3,"127":3,"128":3,"129":3,"130":1,"133":3,"134":3,"139":3,"143":1,"144":3,"145":1,"149":1,"150":1,"158":1,"160":1,"161":1,"162":1,"164":1,"166":1,"258":1,"259":1,"271":1,"274":6,"275":6,"277":1,"279":2,"281":1,"283":2,"288":1,"289":1,"291":1,"296":1,"303":1,"306":1,"307":1,"310":1,"311":1,"313":1,"314":1,"315":1,"316":1,"317":1,"318":1,"319":1,"321":1,"322":1,"324":1}},"/home/travis/build/npmtest/node-npmtest-grunt-checktextdomain/node_modules/grunt-checktextdomain/Gruntfile.js":{"path":"/home/travis/build/npmtest/node-npmtest-grunt-checktextdomain/node_modules/grunt-checktextdomain/Gruntfile.js","s":{"1":1,"2":1,"3":0,"4":0,"5":0,"6":0,"7":0,"8":0,"9":0,"10":0},"b":{},"f":{"1":0},"fnMap":{"1":{"name":"(anonymous_1)","line":30,"loc":{"start":{"line":30,"column":17},"end":{"line":30,"column":33}}}},"statementMap":{"1":{"start":{"line":13,"column":0},"end":{"line":28,"column":3}},"2":{"start":{"line":30,"column":0},"end":{"line":163,"column":2}},"3":{"start":{"line":33,"column":2},"end":{"line":145,"column":5}},"4":{"start":{"line":148,"column":2},"end":{"line":148,"column":27}},"5":{"start":{"line":151,"column":2},"end":{"line":151,"column":45}},"6":{"start":{"line":152,"column":2},"end":{"line":152,"column":44}},"7":{"start":{"line":153,"column":2},"end":{"line":153,"column":43}},"8":{"start":{"line":154,"column":2},"end":{"line":154,"column":47}},"9":{"start":{"line":158,"column":2},"end":{"line":158,"column":79}},"10":{"start":{"line":161,"column":2},"end":{"line":161,"column":52}}},"branchMap":{},"code":["/* jshint -W099 */","/*"," * grunt-checktextdomain"," * https://github.com/stephenharris/grunt-checktextdomain"," *"," * Copyright (c) 2013 Stephen Harris"," * Licensed under the MIT license."," */","","'use strict';","","//For convenience store keywards in global","var keywords = [","\t'__:1,2d',","\t'_e:1,2d',","\t'_x:1,2c,3d',","\t'esc_html__:1,2d',","\t'esc_html_e:1,2d',","\t'esc_html_x:1,2c,3d',","\t'esc_attr__:1,2d', ","\t'esc_attr_e:1,2d', ","\t'esc_attr_x:1,2c,3d', ","\t'_ex:1,2c,3d',","\t'_n:1,2,4d', ","\t'_nx:1,2,4c,5d',","\t'_n_noop:1,2,3d',","\t'_nx_noop:1,2,3c,4d'","\t];","","module.exports = function(grunt) {","\t","  // Project configuration.","  grunt.initConfig({","    jshint: {","      all: [","        'Gruntfile.js',","        'tasks/*.js',","        '<%= nodeunit.tests %>',","      ],","      options: {","        jshintrc: '.jshintrc',","      },","    },","","    // Before generating any new files, remove any previously-created files.","    clean: {","      tests: ['test/tmp'],","    },","    ","    copy: {","    \ttests: {","    \t\tfiles: [","    \t\t  //includes files within path","    \t      //{expand: true, src: ['test/fixtures/*'], dest: 'test/tmp', filter: 'isFile'},","    \t      // makes all src relative to cwd","    \t      {expand: true, cwd: 'test/fixtures', src: ['**'], dest: 'test/tmp/'},","    \t    ]","    \t  }","    },","","    // Configuration to be run (and then tested).","    checktextdomain: {","    \tcorrect_domain: {","    \t\toptions:{","    \t\t\tforce: true,","    \t\t\ttext_domain: 'my-domain',","    \t\t\tcreate_report_file: true,","    \t\t\tkeywords: keywords","        \t},","        \tfiles: [{","        \t\tsrc: ['test/tmp/correct-domain.php'],","        \t\texpand: true,","        \t}],","\t\t},","    \tmissing_domain: {","    \t\toptions:{","    \t\t\tforce: true,","    \t\t\ttext_domain: 'my-domain',","    \t\t\tcreate_report_file: true,","    \t\t\tkeywords: keywords","        \t},","        \tfiles: [{","        \t\tsrc: ['test/tmp/missing-domain.php'],","        \t\texpand: true,","        \t}],","\t\t},","    \tmissing_domain_ignore_missing: {","    \t\toptions:{","    \t\t\tforce: true,","    \t\t\ttext_domain: 'my-domain',","    \t\t\treport_missing: false,","    \t\t\tcreate_report_file: true,","    \t\t\tkeywords: keywords","        \t},","        \tfiles: [{","        \t\tsrc: ['test/tmp/missing-domain.php'],","        \t\texpand: true,","        \t}],","\t\t},","    \tincorrect_domain_autocomplete: {","    \t\toptions:{","    \t\t\tforce: true,","    \t\t\ttext_domain: 'my-domain',","    \t\t\tcorrect_domain: true,","    \t\t\tcreate_report_file: true,","    \t\t\tkeywords: keywords","        \t},","        \tfiles: [{","        \t\tsrc: ['test/tmp/incorrect-domain-autocorrect.php'],","        \t\texpand: true,","        \t}],","\t\t},","    \tvariable_domain_autocomplete: {","    \t\toptions:{","    \t\t    force: true,","    \t\t\ttext_domain: 'my-domain',","    \t\t\tcorrect_domain: true,","    \t\t\tcreate_report_file: true,","    \t\t\tkeywords: keywords","        \t},","        \tfiles: [{","        \t\tsrc: ['test/tmp/variable-domain-autocorrect.php'],","        \t\texpand: true,","        \t}],","\t\t},","    \tplurals: {","    \t\toptions:{","    \t\t    force: true,","    \t\t\ttext_domain: 'my-domain',","    \t\t\tcreate_report_file: true,","    \t\t\tkeywords: keywords","        \t},","        \tfiles: [{","        \t\tsrc: ['test/tmp/plurals.php'],","        \t\texpand: true,","        \t}],","\t\t}","    },","","    // Unit tests.","    nodeunit: {","      tests: ['test/*_test.js'],","    },","","  });","","  // Actually load this plugin's task(s).","  grunt.loadTasks('tasks');","","  // These plugins provide necessary tasks.","  grunt.loadNpmTasks('grunt-contrib-jshint');","  grunt.loadNpmTasks('grunt-contrib-clean');","  grunt.loadNpmTasks('grunt-contrib-copy');","  grunt.loadNpmTasks('grunt-contrib-nodeunit');","","  // Whenever the \"test\" task is run, first clean the \"tmp\" dir, then copy in the futures, then run this","  // plugin's task(s), then test the result.","  grunt.registerTask('test', ['clean', 'copy', 'checktextdomain', 'nodeunit']);","","  // By default, lint and run all tests.","  grunt.registerTask('default', ['jshint', 'test']);","","};",""],"l":{"13":1,"30":1,"33":0,"148":0,"151":0,"152":0,"153":0,"154":0,"158":0,"161":0}},"/home/travis/build/npmtest/node-npmtest-grunt-checktextdomain/node_modules/grunt-checktextdomain/tasks/checktextdomain.js":{"path":"/home/travis/build/npmtest/node-npmtest-grunt-checktextdomain/node_modules/grunt-checktextdomain/tasks/checktextdomain.js","s":{"1":1,"2":1,"3":1,"4":0,"5":0,"6":0,"7":0,"8":0,"9":0,"10":0,"11":0,"12":0,"13":0,"14":0,"15":0,"16":0,"17":0,"18":0,"19":0,"20":0,"21":0,"22":0,"23":0,"24":0,"25":0,"26":0,"27":0,"28":0,"29":0,"30":0,"31":0,"32":0,"33":0,"34":0,"35":0,"36":0,"37":0,"38":0,"39":0,"40":0,"41":0,"42":0,"43":0,"44":0,"45":0,"46":0,"47":0,"48":0,"49":0,"50":0,"51":0,"52":0,"53":0,"54":0,"55":0,"56":0,"57":0,"58":0,"59":0,"60":0,"61":0,"62":0,"63":0,"64":0,"65":0,"66":0,"67":0,"68":0,"69":0,"70":0,"71":0,"72":0,"73":0,"74":0,"75":0,"76":0,"77":0,"78":0,"79":0,"80":0,"81":0,"82":0,"83":0,"84":0,"85":0,"86":0,"87":0,"88":0,"89":0,"90":0,"91":0,"92":0,"93":0,"94":0,"95":0,"96":0,"97":0,"98":0,"99":0,"100":0,"101":0,"102":0,"103":0,"104":0,"105":0,"106":0,"107":0,"108":0,"109":0,"110":0,"111":0,"112":0,"113":0,"114":0,"115":0,"116":0,"117":0,"118":0,"119":0,"120":0,"121":0,"122":0,"123":0,"124":0,"125":0,"126":0,"127":0,"128":0,"129":0,"130":0,"131":0,"132":0,"133":0,"134":0,"135":0,"136":0,"137":0,"138":0,"139":0,"140":0,"141":0,"142":0,"143":0,"144":0,"145":0,"146":0,"147":0,"148":0,"149":0,"150":0,"151":0,"152":0,"153":0,"154":0,"155":0,"156":0,"157":0,"158":0,"159":0,"160":0,"161":0,"162":0,"163":0,"164":0,"165":0,"166":0,"167":0,"168":0,"169":0,"170":0,"171":0,"172":0,"173":0,"174":0,"175":0,"176":0,"177":0,"178":0,"179":0,"180":0,"181":0,"182":0,"183":0,"184":0,"185":0,"186":0,"187":0,"188":0,"189":0,"190":0,"191":0,"192":0,"193":0,"194":0,"195":0,"196":0,"197":0,"198":0,"199":0,"200":0,"201":0,"202":0,"203":0,"204":0,"205":0,"206":0,"207":0,"208":0,"209":0,"210":0,"211":0,"212":0,"213":0,"214":0,"215":0,"216":0,"217":0,"218":0,"219":0,"220":0,"221":0,"222":0,"223":0,"224":0,"225":0,"226":0,"227":0,"228":0,"229":0,"230":0,"231":0,"232":0,"233":0,"234":0,"235":0,"236":0,"237":0,"238":0,"239":0,"240":0,"241":0,"242":0,"243":0,"244":0,"245":0,"246":0,"247":0,"248":0,"249":0,"250":0,"251":0,"252":0,"253":0,"254":0,"255":0,"256":0,"257":0,"258":0,"259":0,"260":0,"261":0,"262":0,"263":0,"264":0,"265":0,"266":0,"267":0,"268":0,"269":0,"270":0,"271":0,"272":0,"273":0,"274":0,"275":0,"276":0,"277":0,"278":0,"279":0,"280":0,"281":0,"282":0,"283":0,"284":0,"285":0,"286":0,"287":0,"288":0,"289":0,"290":0,"291":0,"292":0,"293":0,"294":0,"295":0,"296":0,"297":0,"298":0,"299":0,"300":0,"301":0,"302":0,"303":0,"304":0,"305":0,"306":0,"307":0,"308":0,"309":0,"310":0,"311":0,"312":0,"313":0,"314":0,"315":0,"316":0,"317":0,"318":0,"319":0,"320":0,"321":0,"322":0,"323":0,"324":0,"325":0,"326":0,"327":0,"328":0,"329":0,"330":0,"331":0,"332":0},"b":{"1":[0,0],"2":[0,0],"3":[0,0],"4":[0,0],"5":[0,0],"6":[0,0],"7":[0,0],"8":[0,0],"9":[0,0],"10":[0,0],"11":[0,0],"12":[0,0],"13":[0,0],"14":[0,0,0],"15":[0,0],"16":[0,0],"17":[0,0],"18":[0,0],"19":[0,0,0],"20":[0,0],"21":[0,0],"22":[0,0],"23":[0,0],"24":[0,0,0],"25":[0,0],"26":[0,0],"27":[0,0],"28":[0,0],"29":[0,0],"30":[0,0],"31":[0,0],"32":[0,0],"33":[0,0],"34":[0,0],"35":[0,0],"36":[0,0],"37":[0,0,0],"38":[0,0],"39":[0,0],"40":[0,0],"41":[0,0],"42":[0,0],"43":[0,0],"44":[0,0],"45":[0,0],"46":[0,0],"47":[0,0],"48":[0,0],"49":[0,0],"50":[0,0],"51":[0,0],"52":[0,0],"53":[0,0],"54":[0,0],"55":[0,0],"56":[0,0],"57":[0,0],"58":[0,0],"59":[0,0],"60":[0,0],"61":[0,0],"62":[0,0],"63":[0,0],"64":[0,0],"65":[0,0,0,0],"66":[0,0],"67":[0,0],"68":[0,0],"69":[0,0,0],"70":[0,0],"71":[0,0],"72":[0,0],"73":[0,0],"74":[0,0],"75":[0,0],"76":[0,0],"77":[0,0],"78":[0,0],"79":[0,0],"80":[0,0,0,0],"81":[0,0],"82":[0,0],"83":[0,0],"84":[0,0],"85":[0,0],"86":[0,0],"87":[0,0],"88":[0,0],"89":[0,0,0],"90":[0,0],"91":[0,0,0],"92":[0,0],"93":[0,0],"94":[0,0],"95":[0,0],"96":[0,0],"97":[0,0],"98":[0,0,0,0],"99":[0,0],"100":[0,0,0],"101":[0,0],"102":[0,0],"103":[0,0],"104":[0,0],"105":[0,0],"106":[0,0],"107":[0,0],"108":[0,0],"109":[0,0],"110":[0,0],"111":[0,0,0,0],"112":[0,0],"113":[0,0],"114":[0,0],"115":[0,0],"116":[0,0,0],"117":[0,0],"118":[0,0],"119":[0,0,0],"120":[0,0],"121":[0,0],"122":[0,0],"123":[0,0],"124":[0,0,0,0,0],"125":[0,0],"126":[0,0,0,0,0],"127":[0,0],"128":[0,0],"129":[0,0],"130":[0,0,0],"131":[0,0],"132":[0,0],"133":[0,0],"134":[0,0],"135":[0,0],"136":[0,0],"137":[0,0],"138":[0,0],"139":[0,0,0,0,0],"140":[0,0],"141":[0,0],"142":[0,0],"143":[0,0],"144":[0,0],"145":[0,0],"146":[0,0],"147":[0,0],"148":[0,0,0]},"f":{"1":0,"2":0,"3":0,"4":0,"5":0,"6":0,"7":0,"8":0,"9":0,"10":0,"11":0,"12":0,"13":0,"14":0,"15":0,"16":0,"17":0,"18":0,"19":0,"20":0},"fnMap":{"1":{"name":"(anonymous_1)","line":14,"loc":{"start":{"line":14,"column":17},"end":{"line":14,"column":33}}},"2":{"name":"(anonymous_2)","line":19,"loc":{"start":{"line":19,"column":114},"end":{"line":19,"column":125}}},"3":{"name":"(anonymous_3)","line":54,"loc":{"start":{"line":54,"column":27},"end":{"line":54,"column":45}}},"4":{"name":"(anonymous_4)","line":94,"loc":{"start":{"line":94,"column":20},"end":{"line":94,"column":32}}},"5":{"name":"(anonymous_5)","line":268,"loc":{"start":{"line":268,"column":32},"end":{"line":268,"column":50}}},"6":{"name":"(anonymous_6)","line":579,"loc":{"start":{"line":579,"column":20},"end":{"line":579,"column":61}}},"7":{"name":"(anonymous_7)","line":589,"loc":{"start":{"line":589,"column":21},"end":{"line":589,"column":33}}},"8":{"name":"(anonymous_8)","line":595,"loc":{"start":{"line":595,"column":20},"end":{"line":595,"column":33}}},"9":{"name":"(anonymous_9)","line":607,"loc":{"start":{"line":607,"column":24},"end":{"line":607,"column":39}}},"10":{"name":"(anonymous_10)","line":609,"loc":{"start":{"line":609,"column":31},"end":{"line":609,"column":43}}},"11":{"name":"(anonymous_11)","line":615,"loc":{"start":{"line":615,"column":27},"end":{"line":615,"column":71}}},"12":{"name":"(anonymous_12)","line":644,"loc":{"start":{"line":644,"column":22},"end":{"line":644,"column":34}}},"13":{"name":"(anonymous_13)","line":661,"loc":{"start":{"line":661,"column":23},"end":{"line":661,"column":40}}},"14":{"name":"(anonymous_14)","line":665,"loc":{"start":{"line":665,"column":25},"end":{"line":665,"column":37}}},"15":{"name":"(anonymous_15)","line":682,"loc":{"start":{"line":682,"column":18},"end":{"line":682,"column":31}}},"16":{"name":"(anonymous_16)","line":687,"loc":{"start":{"line":687,"column":25},"end":{"line":687,"column":37}}},"17":{"name":"(anonymous_17)","line":691,"loc":{"start":{"line":691,"column":25},"end":{"line":691,"column":37}}},"18":{"name":"(anonymous_18)","line":696,"loc":{"start":{"line":696,"column":33},"end":{"line":696,"column":46}}},"19":{"name":"(anonymous_19)","line":700,"loc":{"start":{"line":700,"column":20},"end":{"line":700,"column":32}}},"20":{"name":"(anonymous_20)","line":720,"loc":{"start":{"line":720,"column":20},"end":{"line":720,"column":61}}}},"statementMap":{"1":{"start":{"line":12,"column":0},"end":{"line":12,"column":29}},"2":{"start":{"line":13,"column":0},"end":{"line":13,"column":34}},"3":{"start":{"line":14,"column":0},"end":{"line":977,"column":2}},"4":{"start":{"line":19,"column":0},"end":{"line":265,"column":5}},"5":{"start":{"line":21,"column":1},"end":{"line":29,"column":4}},"6":{"start":{"line":31,"column":1},"end":{"line":31,"column":37}},"7":{"start":{"line":33,"column":1},"end":{"line":35,"column":2}},"8":{"start":{"line":34,"column":2},"end":{"line":34,"column":47}},"9":{"start":{"line":38,"column":1},"end":{"line":38,"column":110}},"10":{"start":{"line":41,"column":1},"end":{"line":41,"column":89}},"11":{"start":{"line":43,"column":1},"end":{"line":45,"column":2}},"12":{"start":{"line":44,"column":2},"end":{"line":44,"column":44}},"13":{"start":{"line":48,"column":1},"end":{"line":48,"column":17}},"14":{"start":{"line":49,"column":1},"end":{"line":49,"column":20}},"15":{"start":{"line":50,"column":1},"end":{"line":50,"column":22}},"16":{"start":{"line":51,"column":1},"end":{"line":51,"column":41}},"17":{"start":{"line":54,"column":1},"end":{"line":85,"column":4}},"18":{"start":{"line":57,"column":2},"end":{"line":57,"column":33}},"19":{"start":{"line":58,"column":2},"end":{"line":58,"column":22}},"20":{"start":{"line":59,"column":2},"end":{"line":59,"column":19}},"21":{"start":{"line":62,"column":2},"end":{"line":81,"column":3}},"22":{"start":{"line":63,"column":3},"end":{"line":63,"column":23}},"23":{"start":{"line":64,"column":3},"end":{"line":64,"column":35}},"24":{"start":{"line":66,"column":3},"end":{"line":73,"column":4}},"25":{"start":{"line":69,"column":4},"end":{"line":72,"column":5}},"26":{"start":{"line":70,"column":5},"end":{"line":70,"column":58}},"27":{"start":{"line":71,"column":5},"end":{"line":71,"column":11}},"28":{"start":{"line":76,"column":3},"end":{"line":76,"column":57}},"29":{"start":{"line":80,"column":3},"end":{"line":80,"column":16}},"30":{"start":{"line":83,"column":2},"end":{"line":83,"column":31}},"31":{"start":{"line":84,"column":2},"end":{"line":84,"column":25}},"32":{"start":{"line":87,"column":1},"end":{"line":87,"column":52}},"33":{"start":{"line":90,"column":1},"end":{"line":90,"column":21}},"34":{"start":{"line":91,"column":1},"end":{"line":91,"column":19}},"35":{"start":{"line":94,"column":1},"end":{"line":250,"column":7}},"36":{"start":{"line":96,"column":2},"end":{"line":96,"column":28}},"37":{"start":{"line":99,"column":2},"end":{"line":99,"column":54}},"38":{"start":{"line":100,"column":2},"end":{"line":103,"column":3}},"39":{"start":{"line":101,"column":3},"end":{"line":101,"column":63}},"40":{"start":{"line":102,"column":3},"end":{"line":102,"column":10}},"41":{"start":{"line":106,"column":2},"end":{"line":106,"column":76}},"42":{"start":{"line":109,"column":2},"end":{"line":114,"column":4}},"43":{"start":{"line":116,"column":2},"end":{"line":116,"column":25}},"44":{"start":{"line":118,"column":2},"end":{"line":211,"column":3}},"45":{"start":{"line":120,"column":3},"end":{"line":120,"column":70}},"46":{"start":{"line":122,"column":3},"end":{"line":122,"column":87}},"47":{"start":{"line":125,"column":3},"end":{"line":207,"column":4}},"48":{"start":{"line":127,"column":4},"end":{"line":132,"column":6}},"49":{"start":{"line":134,"column":4},"end":{"line":134,"column":23}},"50":{"start":{"line":137,"column":9},"end":{"line":207,"column":4}},"51":{"start":{"line":139,"column":4},"end":{"line":146,"column":5}},"52":{"start":{"line":140,"column":5},"end":{"line":140,"column":57}},"53":{"start":{"line":143,"column":5},"end":{"line":145,"column":6}},"54":{"start":{"line":144,"column":6},"end":{"line":144,"column":47}},"55":{"start":{"line":149,"column":9},"end":{"line":207,"column":4}},"56":{"start":{"line":151,"column":4},"end":{"line":158,"column":5}},"57":{"start":{"line":152,"column":5},"end":{"line":152,"column":30}},"58":{"start":{"line":155,"column":5},"end":{"line":157,"column":6}},"59":{"start":{"line":156,"column":6},"end":{"line":156,"column":47}},"60":{"start":{"line":161,"column":9},"end":{"line":207,"column":4}},"61":{"start":{"line":162,"column":4},"end":{"line":162,"column":28}},"62":{"start":{"line":165,"column":9},"end":{"line":207,"column":4}},"63":{"start":{"line":168,"column":4},"end":{"line":170,"column":5}},"64":{"start":{"line":169,"column":5},"end":{"line":169,"column":31}},"65":{"start":{"line":172,"column":4},"end":{"line":172,"column":21}},"66":{"start":{"line":175,"column":9},"end":{"line":207,"column":4}},"67":{"start":{"line":176,"column":4},"end":{"line":176,"column":21}},"68":{"start":{"line":179,"column":4},"end":{"line":205,"column":5}},"69":{"start":{"line":181,"column":5},"end":{"line":181,"column":28}},"70":{"start":{"line":183,"column":5},"end":{"line":192,"column":6}},"71":{"start":{"line":184,"column":6},"end":{"line":184,"column":37}},"72":{"start":{"line":186,"column":11},"end":{"line":192,"column":6}},"73":{"start":{"line":187,"column":6},"end":{"line":187,"column":36}},"74":{"start":{"line":189,"column":11},"end":{"line":192,"column":6}},"75":{"start":{"line":190,"column":6},"end":{"line":190,"column":38}},"76":{"start":{"line":194,"column":5},"end":{"line":196,"column":6}},"77":{"start":{"line":195,"column":6},"end":{"line":195,"column":34}},"78":{"start":{"line":199,"column":5},"end":{"line":204,"column":7}},"79":{"start":{"line":209,"column":3},"end":{"line":209,"column":31}},"80":{"start":{"line":214,"column":2},"end":{"line":244,"column":3}},"81":{"start":{"line":216,"column":3},"end":{"line":216,"column":52}},"82":{"start":{"line":218,"column":3},"end":{"line":218,"column":41}},"83":{"start":{"line":219,"column":3},"end":{"line":236,"column":4}},"84":{"start":{"line":221,"column":4},"end":{"line":221,"column":92}},"85":{"start":{"line":222,"column":4},"end":{"line":222,"column":38}},"86":{"start":{"line":224,"column":4},"end":{"line":232,"column":5}},"87":{"start":{"line":225,"column":5},"end":{"line":225,"column":51}},"88":{"start":{"line":227,"column":10},"end":{"line":232,"column":5}},"89":{"start":{"line":228,"column":5},"end":{"line":228,"column":64}},"90":{"start":{"line":231,"column":5},"end":{"line":231,"column":119}},"91":{"start":{"line":234,"column":4},"end":{"line":234,"column":47}},"92":{"start":{"line":235,"column":4},"end":{"line":235,"column":16}},"93":{"start":{"line":238,"column":3},"end":{"line":238,"column":30}},"94":{"start":{"line":240,"column":3},"end":{"line":243,"column":4}},"95":{"start":{"line":241,"column":4},"end":{"line":241,"column":51}},"96":{"start":{"line":242,"column":4},"end":{"line":242,"column":58}},"97":{"start":{"line":246,"column":2},"end":{"line":246,"column":32}},"98":{"start":{"line":249,"column":2},"end":{"line":249,"column":14}},"99":{"start":{"line":253,"column":1},"end":{"line":255,"column":2}},"100":{"start":{"line":254,"column":2},"end":{"line":254,"column":79}},"101":{"start":{"line":257,"column":1},"end":{"line":263,"column":2}},"102":{"start":{"line":258,"column":2},"end":{"line":258,"column":78}},"103":{"start":{"line":259,"column":7},"end":{"line":263,"column":2}},"104":{"start":{"line":260,"column":2},"end":{"line":260,"column":101}},"105":{"start":{"line":262,"column":2},"end":{"line":262,"column":66}},"106":{"start":{"line":267,"column":0},"end":{"line":267,"column":25}},"107":{"start":{"line":268,"column":0},"end":{"line":976,"column":2}},"108":{"start":{"line":283,"column":4},"end":{"line":715,"column":10}},"109":{"start":{"line":580,"column":12},"end":{"line":586,"column":13}},"110":{"start":{"line":581,"column":16},"end":{"line":581,"column":32}},"111":{"start":{"line":582,"column":16},"end":{"line":582,"column":33}},"112":{"start":{"line":584,"column":16},"end":{"line":584,"column":42}},"113":{"start":{"line":585,"column":16},"end":{"line":585,"column":66}},"114":{"start":{"line":590,"column":12},"end":{"line":590,"column":84}},"115":{"start":{"line":591,"column":12},"end":{"line":591,"column":24}},"116":{"start":{"line":592,"column":12},"end":{"line":592,"column":30}},"117":{"start":{"line":596,"column":12},"end":{"line":597,"column":33}},"118":{"start":{"line":598,"column":12},"end":{"line":603,"column":13}},"119":{"start":{"line":599,"column":16},"end":{"line":601,"column":17}},"120":{"start":{"line":600,"column":20},"end":{"line":600,"column":26}},"121":{"start":{"line":602,"column":16},"end":{"line":602,"column":35}},"122":{"start":{"line":604,"column":12},"end":{"line":604,"column":27}},"123":{"start":{"line":608,"column":12},"end":{"line":608,"column":22}},"124":{"start":{"line":609,"column":12},"end":{"line":611,"column":15}},"125":{"start":{"line":610,"column":16},"end":{"line":610,"column":20}},"126":{"start":{"line":612,"column":12},"end":{"line":612,"column":21}},"127":{"start":{"line":617,"column":12},"end":{"line":619,"column":54}},"128":{"start":{"line":620,"column":12},"end":{"line":620,"column":30}},"129":{"start":{"line":621,"column":12},"end":{"line":625,"column":13}},"130":{"start":{"line":622,"column":16},"end":{"line":624,"column":17}},"131":{"start":{"line":623,"column":20},"end":{"line":623,"column":57}},"132":{"start":{"line":626,"column":12},"end":{"line":626,"column":30}},"133":{"start":{"line":627,"column":12},"end":{"line":631,"column":13}},"134":{"start":{"line":628,"column":16},"end":{"line":628,"column":57}},"135":{"start":{"line":630,"column":16},"end":{"line":630,"column":81}},"136":{"start":{"line":632,"column":12},"end":{"line":632,"column":42}},"137":{"start":{"line":633,"column":12},"end":{"line":633,"column":25}},"138":{"start":{"line":636,"column":12},"end":{"line":640,"column":13}},"139":{"start":{"line":637,"column":13},"end":{"line":637,"column":35}},"140":{"start":{"line":639,"column":13},"end":{"line":639,"column":40}},"141":{"start":{"line":646,"column":12},"end":{"line":648,"column":13}},"142":{"start":{"line":647,"column":16},"end":{"line":647,"column":23}},"143":{"start":{"line":651,"column":12},"end":{"line":655,"column":13}},"144":{"start":{"line":652,"column":16},"end":{"line":652,"column":29}},"145":{"start":{"line":653,"column":16},"end":{"line":653,"column":43}},"146":{"start":{"line":654,"column":16},"end":{"line":654,"column":42}},"147":{"start":{"line":656,"column":12},"end":{"line":656,"column":92}},"148":{"start":{"line":657,"column":12},"end":{"line":657,"column":24}},"149":{"start":{"line":658,"column":12},"end":{"line":658,"column":30}},"150":{"start":{"line":662,"column":12},"end":{"line":662,"column":79}},"151":{"start":{"line":666,"column":12},"end":{"line":668,"column":25}},"152":{"start":{"line":669,"column":12},"end":{"line":678,"column":13}},"153":{"start":{"line":670,"column":16},"end":{"line":670,"column":39}},"154":{"start":{"line":671,"column":16},"end":{"line":671,"column":39}},"155":{"start":{"line":672,"column":16},"end":{"line":677,"column":17}},"156":{"start":{"line":673,"column":20},"end":{"line":673,"column":31}},"157":{"start":{"line":675,"column":20},"end":{"line":675,"column":24}},"158":{"start":{"line":676,"column":20},"end":{"line":676,"column":26}},"159":{"start":{"line":679,"column":12},"end":{"line":679,"column":23}},"160":{"start":{"line":683,"column":12},"end":{"line":683,"column":63}},"161":{"start":{"line":684,"column":12},"end":{"line":684,"column":43}},"162":{"start":{"line":688,"column":12},"end":{"line":688,"column":81}},"163":{"start":{"line":692,"column":12},"end":{"line":692,"column":72}},"164":{"start":{"line":693,"column":12},"end":{"line":693,"column":95}},"165":{"start":{"line":697,"column":12},"end":{"line":697,"column":62}},"166":{"start":{"line":701,"column":12},"end":{"line":702,"column":52}},"167":{"start":{"line":703,"column":12},"end":{"line":705,"column":13}},"168":{"start":{"line":704,"column":16},"end":{"line":704,"column":28}},"169":{"start":{"line":706,"column":12},"end":{"line":713,"column":13}},"170":{"start":{"line":707,"column":16},"end":{"line":707,"column":69}},"171":{"start":{"line":709,"column":16},"end":{"line":711,"column":17}},"172":{"start":{"line":710,"column":20},"end":{"line":710,"column":56}},"173":{"start":{"line":712,"column":16},"end":{"line":712,"column":52}},"174":{"start":{"line":714,"column":12},"end":{"line":714,"column":48}},"175":{"start":{"line":718,"column":4},"end":{"line":728,"column":5}},"176":{"start":{"line":719,"column":8},"end":{"line":719,"column":37}},"177":{"start":{"line":720,"column":8},"end":{"line":727,"column":10}},"178":{"start":{"line":721,"column":12},"end":{"line":721,"column":107}},"179":{"start":{"line":723,"column":12},"end":{"line":725,"column":13}},"180":{"start":{"line":724,"column":16},"end":{"line":724,"column":88}},"181":{"start":{"line":726,"column":12},"end":{"line":726,"column":56}},"182":{"start":{"line":730,"column":1},"end":{"line":968,"column":2}},"183":{"start":{"line":731,"column":2},"end":{"line":731,"column":24}},"184":{"start":{"line":732,"column":2},"end":{"line":732,"column":27}},"185":{"start":{"line":734,"column":2},"end":{"line":967,"column":3}},"186":{"start":{"line":736,"column":3},"end":{"line":736,"column":26}},"187":{"start":{"line":737,"column":3},"end":{"line":737,"column":38}},"188":{"start":{"line":738,"column":3},"end":{"line":738,"column":29}},"189":{"start":{"line":739,"column":9},"end":{"line":967,"column":3}},"190":{"start":{"line":742,"column":3},"end":{"line":758,"column":4}},"191":{"start":{"line":743,"column":4},"end":{"line":756,"column":5}},"192":{"start":{"line":744,"column":5},"end":{"line":744,"column":50}},"193":{"start":{"line":745,"column":11},"end":{"line":756,"column":5}},"194":{"start":{"line":746,"column":5},"end":{"line":746,"column":51}},"195":{"start":{"line":747,"column":11},"end":{"line":756,"column":5}},"196":{"start":{"line":748,"column":5},"end":{"line":753,"column":7}},"197":{"start":{"line":755,"column":5},"end":{"line":755,"column":45}},"198":{"start":{"line":757,"column":4},"end":{"line":757,"column":13}},"199":{"start":{"line":759,"column":3},"end":{"line":759,"column":17}},"200":{"start":{"line":760,"column":9},"end":{"line":967,"column":3}},"201":{"start":{"line":762,"column":3},"end":{"line":767,"column":4}},"202":{"start":{"line":763,"column":4},"end":{"line":763,"column":18}},"203":{"start":{"line":764,"column":4},"end":{"line":764,"column":50}},"204":{"start":{"line":766,"column":4},"end":{"line":766,"column":44}},"205":{"start":{"line":768,"column":3},"end":{"line":768,"column":20}},"206":{"start":{"line":769,"column":9},"end":{"line":967,"column":3}},"207":{"start":{"line":771,"column":3},"end":{"line":771,"column":46}},"208":{"start":{"line":772,"column":3},"end":{"line":772,"column":10}},"209":{"start":{"line":773,"column":3},"end":{"line":787,"column":4}},"210":{"start":{"line":774,"column":4},"end":{"line":774,"column":26}},"211":{"start":{"line":776,"column":4},"end":{"line":785,"column":5}},"212":{"start":{"line":778,"column":5},"end":{"line":778,"column":41}},"213":{"start":{"line":779,"column":5},"end":{"line":779,"column":27}},"214":{"start":{"line":781,"column":5},"end":{"line":783,"column":6}},"215":{"start":{"line":782,"column":6},"end":{"line":782,"column":42}},"216":{"start":{"line":784,"column":5},"end":{"line":784,"column":28}},"217":{"start":{"line":786,"column":4},"end":{"line":786,"column":22}},"218":{"start":{"line":788,"column":3},"end":{"line":788,"column":27}},"219":{"start":{"line":789,"column":9},"end":{"line":967,"column":3}},"220":{"start":{"line":791,"column":3},"end":{"line":791,"column":58}},"221":{"start":{"line":792,"column":3},"end":{"line":792,"column":27}},"222":{"start":{"line":793,"column":9},"end":{"line":967,"column":3}},"223":{"start":{"line":796,"column":3},"end":{"line":800,"column":4}},"224":{"start":{"line":797,"column":4},"end":{"line":797,"column":49}},"225":{"start":{"line":799,"column":4},"end":{"line":799,"column":30}},"226":{"start":{"line":801,"column":3},"end":{"line":801,"column":34}},"227":{"start":{"line":802,"column":9},"end":{"line":967,"column":3}},"228":{"start":{"line":804,"column":3},"end":{"line":804,"column":29}},"229":{"start":{"line":805,"column":3},"end":{"line":813,"column":4}},"230":{"start":{"line":806,"column":4},"end":{"line":806,"column":11}},"231":{"start":{"line":808,"column":4},"end":{"line":810,"column":5}},"232":{"start":{"line":809,"column":5},"end":{"line":809,"column":18}},"233":{"start":{"line":811,"column":4},"end":{"line":811,"column":39}},"234":{"start":{"line":812,"column":4},"end":{"line":812,"column":13}},"235":{"start":{"line":814,"column":3},"end":{"line":814,"column":35}},"236":{"start":{"line":815,"column":3},"end":{"line":850,"column":4}},"237":{"start":{"line":817,"column":4},"end":{"line":829,"column":5}},"238":{"start":{"line":818,"column":5},"end":{"line":818,"column":18}},"239":{"start":{"line":819,"column":5},"end":{"line":819,"column":9}},"240":{"start":{"line":820,"column":5},"end":{"line":823,"column":6}},"241":{"start":{"line":821,"column":6},"end":{"line":821,"column":26}},"242":{"start":{"line":822,"column":6},"end":{"line":822,"column":21}},"243":{"start":{"line":824,"column":5},"end":{"line":824,"column":39}},"244":{"start":{"line":825,"column":5},"end":{"line":827,"column":6}},"245":{"start":{"line":826,"column":6},"e
[...]
okenChars = \";(){}[],~@`=+/-*.$|^&<>%!?:\\\"'\\\\\",","        //Buffer type. Start an html buffer immediatelly.","        bufferType = \"html\",","        //Buffer content","        buffer = \"\",","        //Last emitted token","        lastToken,","        //Results array","        ret = [],","        //Word that started the heredoc or nowdoc buffer","        heredocWord,","        //Line number","        line = 1,","        //Line at which the buffer begins","        lineBuffer = 1,","        //Flag that indicates if the current double quoted string has been splitted","        split,","        //This variable will store the previous buffer type of the tokenizer before parsing a","        //complex variable syntax","        complexVarPrevBuffer,","        //Number of open brackets inside a complex variable syntax","        openBrackets,","        //Function to emit tokens","        emitToken = function (token, code, preventBuffer, l) {","            if (!preventBuffer && bufferType) {","                buffer += token;","                lastToken = null;","            } else {","                lastToken = code || token;","                ret.push(code ? [code, token, l || line] : token);","            }","        },","        //Function to emit and close the current buffer","        emitBuffer = function () {","            buffer && emitToken(buffer, bufferTokens[bufferType], true, lineBuffer);","            buffer = \"\";","            bufferType = null;","        },","        //Function to check if the token at the current index is escaped","        isEscaped = function (s) {","            var escaped = false,","                c = (s || i) - 1;","            for (; c >= 0; c--) {","                if (source.charAt(c) !== \"\\\\\") {","                    break;","                }","                escaped = !escaped;","            }","            return escaped;","        },","        //Returns the number of line feed characters in the given string","        countNewLines = function (str) {","            var i = 0;","            str.replace(/\\n/g, function () {","                i++;","            });","            return i;","        },","        //Get the part of source that is between the current index and the index of the limit character","        getBufferAndEmit = function (start, type, limit, canBeEscaped) {","            /*23456*/","            var startL = start.length,","                startPos = i + startL,","                pos = source.indexOf(limit, startPos);","            lineBuffer = line;","            if (canBeEscaped) {","                while (pos !== -1 && isEscaped(pos)) {","                    pos = source.indexOf(limit, pos + 1);","                }","            }","            bufferType = type;","            if (pos === -1) {","                buffer = start + source.substr(startPos);","            } else {","                buffer = start + source.substr(startPos, pos - startPos) + limit;","            }","            line += countNewLines(buffer);","            emitBuffer();","            ","        \t//If limit is not found, set i to the position of the end of the buffered characters","            if(pos === -1){","            \ti = i + buffer.length;","            }else{","            \ti = pos + limit.length - 1;","            }","        },","        //This function is used to split a double quoted string or a heredoc buffer after a variable","        //has been found inside it","        splitString = function () {","            //Don't emit empty buffers","            if (!buffer) {","                return;","            }","            //If the buffer is a double quoted string and it has not yet been splitted, emit the double","            //quotes as a token without an associated code","            if (bufferType === \"doubleQuotes\" && !split) {","                split = true;","                emitToken('\"', null, true);","                buffer = buffer.substr(1);","            }","            buffer && emitToken(buffer, tokens.T_ENCAPSED_AND_WHITESPACE, true, lineBuffer);","            buffer = \"\";","            lineBuffer = line;","        },","        //Checks if the given ASCII identifies a whitespace","        isWhitespace = function (ASCII) {","            return ASCII === 9 || ASCII === 10 || ASCII === 13 || ASCII === 32;","        },","        //Get next whitespaces","        getWhitespaces = function () {","            var as,","                chr,","                ret = \"\";","            for (i++; i < length; i++) {","                chr = source.charAt(i);","                as = chr.charCodeAt(0);","                if (isWhitespace(as)) {","                    ret += chr;","                } else {","                    i--;","                    break;","                }","            }","            return ret;","        },","        //Get next word","        getWord = function (i) {","            var match = /^[a-zA-Z_]\\w*/.exec(source.substr(i));","            return match ? match[0] : null;","        },","        //Get next heredoc declaration","        getHeredocWord = function () {","            return (/^<<< *(['\"]?[a-zA-Z]\\w*)['\"]?\\r?\\n/).exec(source.substr(i));","        },","        //Get next type casting declaration","        getTypeCasting = function () {","            var match = (/^\\( *([a-zA-Z]+) *\\)/).exec(source.substr(i));","            return match && match[1] && (match[1].toLowerCase()) in typeCasting ? match : null;","        },","        //Get next php long open declaration","        getLongOpenDeclaration = function (i) {","            return (/^php(?:\\r?\\s)?/i).exec(source.substr(i));","        },","        //Get next integer or float number","        getNumber = function () {","            var rnum = /^(?:((?:\\d+(?:\\.\\d*)?|\\d*\\.\\d+)[eE][\\+\\-]?\\d+|\\d*\\.\\d+|\\d+\\.\\d*)|(\\d+(?:x[0-9a-fA-F]+)?))/,","                match = rnum.exec(source.substr(i));","            if (!match) {","                return null;","            }","            if (match[2]) {","                var isHex = match[2].toLowerCase().indexOf(\"x\") > -1;","                //If it's greater than 2147483648 it's considered as a floating point number","                if (parseInt(isHex ? parseInt(match[2], 16) : match[2], 10) < 2147483648) {","                    return [match[2], tokens.T_LNUMBER];","                }","                return [match[2], tokens.T_DNUMBER];","            }","            return [match[1], tokens.T_DNUMBER];","        };","","    // Avoid running a conditional for each token by overwriting function","    if (this.php_js && this.php_js.phpParser) {","        var oldEmitToken = emitToken;","        emitToken = function (token, code, preventBuffer, l) {","            var action = that.php_js.phpParser[typeof token === 'number' ? that.token_name(token) : token];","            // Allow execution of (optional) parsing callbacks during first run-through","            if (typeof action === 'function') {","                action.call(that.php_js.phpParser, code, line, token, preventBuffer, l);","            }","            oldEmitToken(token, code, preventBuffer, l);","        };","    }","","\tfor (; i < length; i++) {","\t\tch = source.charAt(i);","\t\tASCII = ch.charCodeAt(0);","\t\t//Whitespaces","\t\tif (isWhitespace(ASCII)) {","\t\t\t//Get next whitespaces too","\t\t\tch += getWhitespaces();","\t\t\temitToken(ch, tokens.T_WHITESPACE);","\t\t\tline += countNewLines(ch);","\t\t} else if (ch === \"#\" || (ch === \"/\" && ((nextch = source.charAt(i + 1)) === \"*\" || nextch === \"/\"))) {","\t\t\t//Comment signs","\t\t\t//Change the buffer only if there's no active buffer","\t\t\tif (!bufferType) {","\t\t\t\tif (ch === \"#\") {","\t\t\t\t\tgetBufferAndEmit(\"#\", \"inlineComment\", \"\\n\");","\t\t\t\t} else if (ch + nextch === \"//\") {","\t\t\t\t\tgetBufferAndEmit(\"//\", \"inlineComment\", \"\\n\");","\t\t\t\t} else if ((ch + nextch + source.charAt(i + 2)) === \"/**\") {","\t\t\t\t\tgetBufferAndEmit(","\t\t\t\t\t\t\"/**\",","\t\t\t\t\t\t//It's a doc comment only if it's followed by a whitespaces","\t\t\t\t\t\tisWhitespace(source.charCodeAt(i + 3)) ? \"docComment\" : \"comment\",","\t\t\t\t\t\t\"*/\"","\t\t\t\t\t);","\t\t\t\t} else {","\t\t\t\t\tgetBufferAndEmit(\"/*\", \"comment\", \"*/\");","\t\t\t\t}","\t\t\t\tcontinue;","\t\t\t}","\t\t\temitToken(ch);","\t\t} else if (ch === \"$\" && (word = getWord(i + 1))) {","\t\t\t//Variable","\t\t\tif ((bufferType === \"heredoc\" || bufferType === \"doubleQuotes\") && !isEscaped()) {","\t\t\t\tsplitString();","\t\t\t\temitToken(ch + word, tokens.T_VARIABLE, true);","\t\t\t} else {","\t\t\t\temitToken(ch + word, tokens.T_VARIABLE);","\t\t\t}","\t\t\ti += word.length;","\t\t} else if (ch === \"<\" && source.substr(i + 1, 2) === \"<<\" && (word = getHeredocWord())) {","\t\t\t//Heredoc and nowdoc start declaration","\t\t\temitToken(word[0], tokens.T_START_HEREDOC);","\t\t\tline++;","\t\t\tif (!bufferType) {","\t\t\t\theredocWord = word[1];","\t\t\t\t//If the first character is a quote then it's a nowdoc otherwise it's an heredoc","\t\t\t\tif (heredocWord.charAt(0) === \"'\") {","\t\t\t\t\t//Strip the leading quote","\t\t\t\t\theredocWord = heredocWord.substr(1);","\t\t\t\t\tbufferType = \"nowdoc\";","\t\t\t\t} else {","\t\t\t\t\tif (heredocWord.charAt(0) === '\"') {","\t\t\t\t\t\theredocWord = heredocWord.substr(1);","\t\t\t\t\t}","\t\t\t\t\tbufferType = \"heredoc\";","\t\t\t\t}","\t\t\t\tlineBuffer = line;","\t\t\t}","\t\t\ti += word[0].length - 1;","\t\t} else if (ch === \"(\" && (word = getTypeCasting())) {","\t\t\t//Type-casting","\t\t\temitToken(word[0], typeCasting[word[1].toLowerCase()]);","\t\t\ti += word[0].length - 1;","\t\t} else if ((ch === \".\" || (ch >= \"0\" && ch <= \"9\")) && (num = getNumber())) {","\t\t\t//Numbers","\t\t\t//Numeric array index inside a heredoc or a double quoted string","\t\t\tif (lastToken === \"[\" && (bufferType === \"heredoc\" || bufferType === \"doubleQuotes\")) {","\t\t\t\temitToken(num[0], tokens.T_NUM_STRING, true);","\t\t\t} else {","\t\t\t\temitToken(num[0], num[1]);","\t\t\t}","\t\t\ti += String(num[0]).length - 1;","\t\t} else if (singleTokenChars.indexOf(ch) > -1) {","\t\t\t//Symbols","\t\t\tsym = source.substr(i, 3);","\t\t\tif (sym in symbols3chars) {","\t\t\t\ti += 2;","\t\t\t\t//If it's a php open tag emit the html buffer","\t\t\t\tif (bufferType === \"html\" && symbols3chars[sym] === tokens.T_OPEN_TAG_WITH_ECHO) {","\t\t\t\t\temitBuffer();","\t\t\t\t}","\t\t\t\temitToken(sym, symbols3chars[sym]);","\t\t\t\tcontinue;","\t\t\t}","\t\t\tsym = ch + source.charAt(i + 1);","\t\t\tif (sym in symbols2chars) {","\t\t\t\t//If it's a php open tag check if it's written in the long form and emit the html buffer","\t\t\t\tif (symbols2chars[sym] === tokens.T_OPEN_TAG && bufferType === \"html\") {","\t\t\t\t\temitBuffer();","\t\t\t\t\ti++;","\t\t\t\t\tif (word = getLongOpenDeclaration(i + 1)) {","\t\t\t\t\t\ti += word[0].length;","\t\t\t\t\t\tsym += word[0];","\t\t\t\t\t}","\t\t\t\t\temitToken(sym, tokens.T_OPEN_TAG);","\t\t\t\t\tif (sym.indexOf(\"\\n\") > -1) {","\t\t\t\t\t\tline++;","\t\t\t\t\t}","\t\t\t\t\tcontinue;","\t\t\t\t}","\t\t\t\ti++;","\t\t\t\t//Syntax $obj->prop inside strings and heredoc","\t\t\t\tif (sym === \"->\" && lastToken === tokens.T_VARIABLE && (bufferType === \"heredoc\" ||","\t\t\t\t\tbufferType === \"doubleQuotes\")) {","\t\t\t\t\temitToken(sym, symbols2chars[sym], true);","\t\t\t\t\tcontinue;","\t\t\t\t}","\t\t\t\temitToken(sym, symbols2chars[sym]);","\t\t\t\t//If the token is a PHP close tag and there isn't an active buffer start an html buffer","\t\t\t\tif (!bufferType && symbols2chars[sym] === tokens.T_CLOSE_TAG) {","\t\t\t\t\t//PHP closing tag includes the following new line characters","\t\t\t\t\tif (nextch = /^\\r?\\n/.exec(source.substr(i + 1, 2))) {","\t\t\t\t\t\tret[ret.length - 1][1] += nextch[0];","\t\t\t\t\t\ti += nextch[0].length;","\t\t\t\t\t\tline++;","\t\t\t\t\t}","\t\t\t\t\tbufferType = \"html\";","\t\t\t\t\tlineBuffer = line;","\t\t\t\t}","\t\t\t\tcontinue;","\t\t\t}","\t\t\t//Start string buffers if there isn't an active buffer and the character is a quote","\t\t\tif (!bufferType && (ch === \"'\" || ch === '\"')) {","\t\t\t\tif (ch === \"'\") {","\t\t\t\t\tgetBufferAndEmit(\"'\", \"singleQuote\", \"'\", true);","\t\t\t\t} else {","\t\t\t\t\tsplit = false;","\t\t\t\t\tbufferType = \"doubleQuotes\";","\t\t\t\t\tlineBuffer = line;","\t\t\t\t\t//Add the token to the buffer and continue to skip next checks","\t\t\t\t\temitToken(ch);","\t\t\t\t}","\t\t\t\tcontinue;","\t\t\t} else if (ch === '\"' && bufferType === \"doubleQuotes\" && !isEscaped()) {","\t\t\t\t//If the string has been splitted emit the current buffer and the double quotes","\t\t\t\t//as separate tokens","\t\t\t\tif (split) {","\t\t\t\t\tsplitString();","\t\t\t\t\tbufferType = null;","\t\t\t\t\temitToken('\"');","\t\t\t\t} else {","\t\t\t\t\temitToken('\"');","\t\t\t\t\temitBuffer();","\t\t\t\t}","\t\t\t\tcontinue;","\t\t\t} else if (bufferType === \"heredoc\" || bufferType === \"doubleQuotes\") {","\t\t\t\t//Array index delimiters inside heredoc or double quotes","\t\t\t\tif ((ch === \"[\" && lastToken === tokens.T_VARIABLE) ||","                        (ch === \"]\" && (lastToken === tokens.T_NUM_STRING ||","                        lastToken === tokens.T_STRING))) {","\t\t\t\t\temitToken(ch, null, true);","\t\t\t\t\tcontinue;","\t\t\t\t} else if (((ch === \"$\" && source.charAt(i + 1) === \"{\") ||","\t\t\t\t\t\t\t(ch === \"{\" && source.charAt(i + 1) === \"$\")) &&","\t\t\t\t\t\t\t!isEscaped()) {","\t\t\t\t\t//Complex variable syntax ${varname} or {$varname}. Store the current","\t\t\t\t\t//buffer type and evaluate next tokens as there's no active buffer.","\t\t\t\t\t//The current buffer will be reset when the declaration is closed","\t\t\t\t\tsplitString();","\t\t\t\t\tcomplexVarPrevBuffer = bufferType;","\t\t\t\t\tbufferType = null;","\t\t\t\t\tif (ch === \"$\") {","\t\t\t\t\t\temitToken(ch + \"{\", tokens.T_DOLLAR_OPEN_CURLY_BRACES);","\t\t\t\t\t\ti++;","\t\t\t\t\t} else {","\t\t\t\t\t\temitToken(ch, tokens.T_CURLY_OPEN);","\t\t\t\t\t}","\t\t\t\t\topenBrackets = 1;","\t\t\t\t\tcontinue;","\t\t\t\t}","\t\t\t} else if (ch === \"\\\\\") {","\t\t\t\t//Namespace separator","\t\t\t\temitToken(ch, tokens.T_NS_SEPARATOR);","\t\t\t\tcontinue;","\t\t\t}","\t\t\temitToken(ch);","\t\t\t//Increment or decrement the number of open brackets inside a complex","\t\t\t//variable syntax","\t\t\tif (complexVarPrevBuffer && (ch === \"{\" || ch === \"}\")) {","\t\t\t\tif (ch === \"{\") {","\t\t\t\t\topenBrackets++;","\t\t\t\t} else if (!--openBrackets) {","\t\t\t\t\t//If every bracket has been closed reset the previous buffer","\t\t\t\t\tbufferType = complexVarPrevBuffer;","\t\t\t\t\tcomplexVarPrevBuffer = null;","\t\t\t\t}","\t\t\t}","\t\t} else if (word = getWord(i)) {","\t\t\t//Words","\t\t\tvar wordLower = word.toLowerCase();","\t\t\t//Check to see if it's a keyword","\t\t\tif (keywordsToken.hasOwnProperty(word) || keywordsToken.hasOwnProperty(wordLower)) {","\t\t\t\t//If it's preceded by -> than it's an object property and it must be tokenized as T_STRING","\t\t\t\temitToken(","\t\t\t\t\tword,","\t\t\t\t\tlastToken === tokens.T_OBJECT_OPERATOR ?","                        tokens.T_STRING :","                        keywordsToken[word] || keywordsToken[wordLower]","\t\t\t\t);","\t\t\t\ti += word.length - 1;","\t\t\t\tcontinue;","\t\t\t}","\t\t\t//Stop the heredoc or the nowdoc if it's the word that has generated it","\t\t\tif ((bufferType === \"nowdoc\" || bufferType === \"heredoc\") && word === heredocWord &&","                    source.charAt(i - 1) === \"\\n\" &&","                    heredocEndFollowing.test(source.substr(i + word.length))) {","\t\t\t\temitBuffer();","\t\t\t\temitToken(word, tokens.T_END_HEREDOC);","\t\t\t\ti += word.length - 1;","\t\t\t\tcontinue;","\t\t\t} else if ((bufferType === \"heredoc\" || bufferType === \"doubleQuotes\")) {","\t\t\t\tif (lastToken === \"[\") {","\t\t\t\t\t//Literal array index inside a heredoc or a double quoted string","\t\t\t\t\temitToken(word, tokens.T_STRING, true);","\t\t\t\t\ti += word.length - 1;","\t\t\t\t\tcontinue;","\t\t\t\t} else if (lastToken === tokens.T_OBJECT_OPERATOR) {","\t\t\t\t\t//Syntax $obj->prop inside strings and heredoc","\t\t\t\t\temitToken(word, tokens.T_STRING, true);","\t\t\t\t\ti += word.length - 1;","\t\t\t\t\tcontinue;","\t\t\t\t}","\t\t\t} else if (complexVarPrevBuffer && lastToken === tokens.T_DOLLAR_OPEN_CURLY_BRACES) {","\t\t\t\t//Complex variable syntax  ${varname}","\t\t\t\temitToken(word, tokens.T_STRING_VARNAME);","\t\t\t\ti += word.length - 1;","\t\t\t\tcontinue;","\t\t\t}","\t\t\temitToken(word, tokens.T_STRING);","\t\t\ti += word.length - 1;","\t\t} else if (ASCII < 32) {","\t\t\t//If below ASCII 32 it's a bad character","\t\t\temitToken(ch, tokens.T_BAD_CHARACTER);","\t\t} else {","\t\t\t//If there isn't an open buffer there should be an syntax error, but we don't care","\t\t\t//so it will be emitted as a simple string","\t\t\temitToken(ch, tokens.T_STRING);","\t\t}","\t}","\t//If there's an open buffer emit it","\tif (bufferType && (bufferType !== \"doubleQuotes\" || !split)) {","\t\temitBuffer();","\t} else {","\t\tsplitString();","\t}","\treturn ret;","};","};",""],"l":{"12":1,"13":1,"14":1,"19":0,"21":0,"31":0,"33":0,"34":0,"38":0,"41":0,"43":0,"44":0,"48":0,"49":0,"50":0,"51":0,"54":0,"57":0,"58":0,"59":0,"62":0,"63":0,"64":0,"66":0,"69":0,"70":0,"71":0,"76":0,"80":0,"83":0,"84":0,"87":0,"90":0,"91":0,"94":0,"96":0,"99":0,"100":0,"101":0,"102":0,"106":0,"109":0,"116":0,"118":0,"120":0,"122":0,"125":0,"127":0,"134":0,"137":0,"139":0,"140":0,"143":0,"144":0,"149":0,"151":0,"152":0,"155":0,"156":0,"161":0,"162":0,"165":0,"168":0,"169":0,"172":0,"175":0,"176":0,"179":0,"181":0,"183":0,"184":0,"186":0,"187":0,"189":0,"190":0,"194":0,"195":0,"199":0,"209":0,"214":0,"216":0,"218":0,"219":0,"221":0,"222":0,"224":0,"225":0,"227":0,"228":0,"231":0,"234":0,"235":0,"238":0,"240":0,"241":0,"242":0,"246":0,"249":0,"253":0,"254":0,"257":0,"258":0,"259":0,"260":0,"262":0,"267":0,"268":0,"283":0,"580":0,"581":0,"582":0,"584":0,"585":0,"590":0,"591":0,"592":0,"596":0,"598":0,"599":0,"600":0,"602":0,"604":0,"608":0,"609":0,"610":0,"612":0,"617":0,"620":0,"621":0,"622":0,"623":0,"626":0,"627":0,"628":0,"630":0,"632":0,"633":0,"636":0,"637":0,"639":0,"646":0,"647":0,"651":0,"652":0,"653":0,"654":0,"656":0,"657":0,"658":0,"662":0,"666":0,"669":0,"670":0,"671":0,"672":0,"673":0,"675":0,"676":0,"679":0,"683":0,"684":0,"688":0,"692":0,"693":0,"697":0,"701":0,"703":0,"704":0,"706":0,"707":0,"709":0,"710":0,"712":0,"714":0,"718":0,"719":0,"720":0,"721":0,"723":0,"724":0,"726":0,"730":0,"731":0,"732":0,"734":0,"736":0,"737":0,"738":0,"739":0,"742":0,"743":0,"744":0,"745":0,"746":0,"747":0,"748":0,"755":0,"757":0,"759":0,"760":0,"762":0,"763":0,"764":0,"766":0,"768":0,"769":0,"771":0,"772":0,"773":0,"774":0,"776":0,"778":0,"779":0,"781":0,"782":0,"784":0,"786":0,"788":0,"789":0,"791":0,"792":0,"793":0,"796":0,"797":0,"799":0,"801":0,"802":0,"804":0,"805":0,"806":0,"808":0,"809":0,"811":0,"812":0,"814":0,"815":0,"817":0,"818":0,"819":0,"820":0,"821":0,"822":0,"824":0,"825":0,"826":0,"828":0,"830":0,"832":0,"834":0,"835":0,"837":0,"839":0,"841":0,"842":0,"843":0,"844":0,"846":0,"847":0,"849":0,"852":0,"853":0,"854":0,"856":0,"857":0,"858":0,"860":0,"862":0,"863":0,"866":0,"867":0,"868":0,"869":0,"871":0,"872":0,"874":0,"875":0,"877":0,"880":0,"881":0,"882":0,"888":0,"889":0,"890":0,"891":0,"892":0,"893":0,"895":0,"897":0,"898":0,"900":0,"902":0,"903":0,"905":0,"908":0,"909":0,"910":0,"911":0,"913":0,"914":0,"917":0,"919":0,"921":0,"923":0,"929":0,"930":0,"933":0,"936":0,"937":0,"938":0,"939":0,"940":0,"941":0,"943":0,"944":0,"945":0,"946":0,"948":0,"949":0,"950":0,"952":0,"954":0,"955":0,"956":0,"958":0,"959":0,"960":0,"962":0,"966":0,"970":0,"971":0,"973":0,"975":0}}}